<?xml version="1.0" encoding="UTF-8"?>
<!-- Generated by org.testng.reporters.JUnitXMLReporter -->
<testsuite ignored="0" hostname="DESKTOP-92N64IC" failures="0" tests="16" name="Default test" time="15.132" errors="0" timestamp="17 Jun 2024 12:21:11 GMT">
  <testcase classname="ManagerTestPage.managertestHomePage" name="MgrAPPROVED" time="0.21"/>
  <testcase classname="ManagerTestPage.managertestHomePage" name="MgrBellcurve" time="0.148"/>
  <testcase classname="ManagerTestPage.managertestHomePage" name="MgrCumulativeReports" time="0.16"/>
  <testcase classname="ManagerTestPage.managertestHomePage" name="MgrEmployeeSelfReview" time="0.092"/>
  <testcase classname="ManagerTestPage.managertestHomePage" name="MgrGapAnalysis" time="0.11"/>
  <testcase classname="ManagerTestPage.managertestHomePage" name="MgrGoalPlan" time="0.108"/>
  <testcase classname="ManagerTestPage.managertestHomePage" name="MgrGoalsApproved" time="0.078"/>
  <testcase classname="ManagerTestPage.managertestHomePage" name="MgrManagerReview" time="0.14"/>
  <testcase classname="ManagerTestPage.managertestHomePage" name="MgrMyTeamsPMSworkflowcompletedstatus" time="0.077"/>
  <testcase classname="ManagerTestPage.managertestHomePage" name="MgrOverallPMSReport" time="0.092"/>
  <testcase classname="ManagerTestPage.managertestHomePage" name="MgrREJECTED" time="0.077"/>
  <testcase classname="ManagerTestPage.managertestHomePage" name="MgrSKIPLEVELREVIEW" time="0.078"/>
  <testcase classname="ManagerTestPage.managertestHomePage" name="MgrSUBMITTEDUNDERAUTHORIZATION" time="0.108"/>
  <testcase classname="ManagerTestPage.managertestHomePage" name="MgrTeamIDPs" time="0.076"/>
  <testcase classname="ManagerTestPage.managertestHomePage" name="MgrTotalReviewCycleInitiated" time="0.091"/>
  <testcase classname="ManagerTestPage.managertestHomePage" name="YETTOSUBMIT" time="0.076"/>
</testsuite> <!-- Default test -->
