<?xml version="1.0" encoding="UTF-8"?>
<!-- Generated by org.testng.reporters.JUnitXMLReporter -->
<testsuite ignored="0" hostname="DESKTOP-92N64IC" failures="0" tests="3" name="Default test" time="16.272" errors="0" timestamp="04 Jun 2024 12:17:46 GMT">
  <testcase classname="Mytestpackage.Homepagetest" name="EmpstatusTest" time="0.13"/>
  <testcase classname="Mytestpackage.Homepagetest" name="contactFooterTest" time="0.111"/>
  <testcase classname="Mytestpackage.Homepagetest" name="headerTest" time="0.08"/>
</testsuite> <!-- Default test -->
