<?xml version="1.0" encoding="UTF-8"?>
<!-- Generated by org.testng.reporters.JUnitXMLReporter -->
<testsuite ignored="0" hostname="DESKTOP-92N64IC" failures="0" tests="12" name="Default test" time="289.079" errors="0" timestamp="02 Sep 2024 05:44:39 GMT">
  <testcase classname="Test_Suit.TestSuitClass" name="AddGoalPlan" time="36.64"/>
  <testcase classname="Test_Suit.TestSuitClass" name="AddPMSCycle" time="15.597"/>
  <testcase classname="Test_Suit.TestSuitClass" name="Initiate_PMSCycle" time="17.427"/>
  <testcase classname="Test_Suit.TestSuitClass" name="Manager_addGoalto_emp" time="29.315"/>
  <testcase classname="Test_Suit.TestSuitClass" name="Employee_Assesment" time="22.615"/>
  <testcase classname="Test_Suit.TestSuitClass" name="Manager_Assesmentsubmitto_Skip" time="19.224"/>
  <testcase classname="Test_Suit.TestSuitClass" name="Skip_approval" time="16.207"/>
  <testcase classname="Test_Suit.TestSuitClass" name="OneToOneMeeting_Manager" time="18.066"/>
  <testcase classname="Test_Suit.TestSuitClass" name="OnToOneMeeting_Employee" time="12.791"/>
  <testcase classname="Test_Suit.TestSuitClass" name="Finalize_Emp_Appraisal" time="26.332"/>
  <testcase classname="Test_Suit.TestSuitClass" name="DeletionodGoalPlan" time="36.0"/>
  <testcase classname="Test_Suit.TestSuitClass" name="DeletionofPMS" time="26.055"/>
</testsuite> <!-- Default test -->
