<?xml version="1.0" encoding="UTF-8"?>
<!-- Generated by org.testng.reporters.JUnitXMLReporter -->
<testsuite ignored="0" hostname="DESKTOP-GT0LFB9" failures="0" tests="8" name="Default test" time="391.303" errors="0" timestamp="14 Aug 2025 06:13:33 GMT">
  <testcase classname="Test_Suit.DirectMGR_Smoke" name="AddGoalPlan" time="58.05"/>
  <testcase classname="Test_Suit.DirectMGR_Smoke" name="AddPMSCycle" time="16.733"/>
  <testcase classname="Test_Suit.DirectMGR_Smoke" name="Initiate_PMSCycle" time="12.452"/>
  <testcase classname="Test_Suit.DirectMGR_Smoke" name="ManagerFlow" time="55.782"/>
  <testcase classname="Test_Suit.DirectMGR_Smoke" name="Skip_Approval" time="39.48"/>
  <testcase classname="Test_Suit.DirectMGR_Smoke" name="Remove_EmployeesFromGoalPlan" time="88.133">
    <skipped/>
  </testcase> <!-- Remove_EmployeesFromGoalPlan -->
  <testcase classname="Test_Suit.DirectMGR_Smoke" name="Remove_EmployeesFromGoalPlan" time="65.607"/>
  <testcase classname="Test_Suit.DirectMGR_Smoke" name="DeletionOf_PMSCycleAndGoalPlan" time="41.366"/>
</testsuite> <!-- Default test -->
