<?xml version="1.0" encoding="UTF-8"?>
<!-- Generated by org.testng.reporters.JUnitXMLReporter -->
<testsuite ignored="0" hostname="DESKTOP-92N64IC" failures="0" tests="3" name="addGoalPla_CreatePMSCycleTest" time="87.022" errors="0" timestamp="20 Aug 2024 10:42:42 GMT">
  <testcase classname="normalFlowTest.addGoalPla_CreatePMSCycleTest" name="testAddGoalPlan" time="35.086"/>
  <testcase classname="normalFlowTest.addGoalPla_CreatePMSCycleTest" name="testAddPMSCycle" time="16.425"/>
  <testcase classname="normalFlowTest.addGoalPla_CreatePMSCycleTest" name="testinitiatePMSCycle" time="23.186"/>
</testsuite> <!-- addGoalPla_CreatePMSCycleTest -->
