<?xml version="1.0" encoding="UTF-8"?>
<!-- Generated by org.testng.reporters.JUnitXMLReporter -->
<testsuite ignored="0" hostname="DESKTOP-92N64IC" failures="0" tests="3" name="addGoalPla_CreatePMSCycleTest" time="96.797" errors="0" timestamp="14 Aug 2024 09:32:53 GMT">
  <testcase classname="normalFlowTest.addGoalPla_CreatePMSCycleTest" name="testAddGoalPlan" time="35.856"/>
  <testcase classname="normalFlowTest.addGoalPla_CreatePMSCycleTest" name="testAddPMSCycle" time="17.732"/>
  <testcase classname="normalFlowTest.addGoalPla_CreatePMSCycleTest" name="testinitiatePMSCycle" time="22.894"/>
</testsuite> <!-- addGoalPla_CreatePMSCycleTest -->
