<?xml version="1.0" encoding="UTF-8"?>
<!-- Generated by org.testng.reporters.JUnitXMLReporter -->
<testsuite ignored="0" hostname="DESKTOP-GT0LFB9" failures="3" tests="15" name="Smoke testing" time="393.465" errors="0" timestamp="11 Aug 2025 13:30:46 GMT">
  <testcase classname="Test_Suit.SmokeTestSuite" name="AddGoalPlan" time="56.678"/>
  <testcase classname="Test_Suit.SmokeTestSuite" name="AddPMSCycle" time="54.093">
    <skipped/>
  </testcase> <!-- AddPMSCycle -->
  <testcase classname="Test_Suit.SmokeTestSuite" name="AddPMSCycle" time="1.143">
    <failure type="org.openqa.selenium.ElementClickInterceptedException" message="element click intercepted: Element &amp;lt;a href=&amp;quot;perform/admin/managereviewcycle&amp;quot;&amp;gt;...&amp;lt;/a&amp;gt; is not clickable at point (320, 127). Other element would receive the click: &amp;lt;div class=&amp;quot;modal fade in&amp;quot; id=&amp;quot;addnewpfmreviewcycle&amp;quot; tabindex=&amp;quot;-1&amp;quot; role=&amp;quot;dialog&amp;quot; aria-labelledby=&amp;quot;myModalLabel&amp;quot; aria-hidden=&amp;quot;false&amp;quot; style=&amp;quot;display: block;&amp;quot;&amp;gt;...&amp;lt;/div&amp;gt;
  (Session info: chrome=139.0.7258.66)
Build info: version: &amp;apos;4.28.1&amp;apos;, revision: &amp;apos;73f5ad48a2&amp;apos;
System info: os.name: &amp;apos;Windows 10&amp;apos;, os.arch: &amp;apos;amd64&amp;apos;, os.version: &amp;apos;10.0&amp;apos;, java.version: &amp;apos;21.0.6&amp;apos;
Driver info: org.openqa.selenium.chrome.ChromeDriver
Command: [305c0b0fa52eca2a67bc297459919581, clickElement {id=f.9DAFAB999EE3792D5861BD70D1E4A181.d.A5C9EC0AC7340F9E6D99195733F3A46D.e.548}]
Capabilities {acceptInsecureCerts: false, browserName: chrome, browserVersion: 139.0.7258.66, chrome: {chromedriverVersion: 139.0.7258.66 (a62d32994769..., userDataDir: C:\Users\DELL\AppData\Local...}, fedcm:accounts: true, goog:chromeOptions: {debuggerAddress: localhost:52660}, networkConnectionEnabled: false, pageLoadStrategy: normal, platformName: windows, proxy: Proxy(), se:cdp: ws://localhost:52660/devtoo..., se:cdpVersion: 139.0.7258.66, setWindowRect: true, strictFileInteractability: false, timeouts: {implicit: 0, pageLoad: 300000, script: 30000}, unhandledPromptBehavior: dismiss and notify, webauthn:extension:credBlob: true, webauthn:extension:largeBlob: true, webauthn:extension:minPinLength: true, webauthn:extension:prf: true, webauthn:virtualAuthenticators: true}
Element: [[ChromeDriver: chrome on windows (305c0b0fa52eca2a67bc297459919581)] -&amp;gt; xpath: //a[contains(text(),&amp;quot;Performance Review cycle&amp;quot;)]]
Session ID: 305c0b0fa52eca2a67bc297459919581">
      <![CDATA[org.openqa.selenium.ElementClickInterceptedException: element click intercepted: Element <a href="perform/admin/managereviewcycle">...</a> is not clickable at point (320, 127). Other element would receive the click: <div class="modal fade in" id="addnewpfmreviewcycle" tabindex="-1" role="dialog" aria-labelledby="myModalLabel" aria-hidden="false" style="display: block;">...</div>
  (Session info: chrome=139.0.7258.66)
Build info: version: '4.28.1', revision: '73f5ad48a2'
System info: os.name: 'Windows 10', os.arch: 'amd64', os.version: '10.0', java.version: '21.0.6'
Driver info: org.openqa.selenium.chrome.ChromeDriver
Command: [305c0b0fa52eca2a67bc297459919581, clickElement {id=f.9DAFAB999EE3792D5861BD70D1E4A181.d.A5C9EC0AC7340F9E6D99195733F3A46D.e.548}]
Capabilities {acceptInsecureCerts: false, browserName: chrome, browserVersion: 139.0.7258.66, chrome: {chromedriverVersion: 139.0.7258.66 (a62d32994769..., userDataDir: C:\Users\DELL\AppData\Local...}, fedcm:accounts: true, goog:chromeOptions: {debuggerAddress: localhost:52660}, networkConnectionEnabled: false, pageLoadStrategy: normal, platformName: windows, proxy: Proxy(), se:cdp: ws://localhost:52660/devtoo..., se:cdpVersion: 139.0.7258.66, setWindowRect: true, strictFileInteractability: false, timeouts: {implicit: 0, pageLoad: 300000, script: 30000}, unhandledPromptBehavior: dismiss and notify, webauthn:extension:credBlob: true, webauthn:extension:largeBlob: true, webauthn:extension:minPinLength: true, webauthn:extension:prf: true, webauthn:virtualAuthenticators: true}
Element: [[ChromeDriver: chrome on windows (305c0b0fa52eca2a67bc297459919581)] -> xpath: //a[contains(text(),"Performance Review cycle")]]
Session ID: 305c0b0fa52eca2a67bc297459919581
at org.openqa.selenium.remote.ErrorCodec.decode(ErrorCodec.java:167)
at org.openqa.selenium.remote.codec.w3c.W3CHttpResponseCodec.decode(W3CHttpResponseCodec.java:138)
at org.openqa.selenium.remote.codec.w3c.W3CHttpResponseCodec.decode(W3CHttpResponseCodec.java:50)
at org.openqa.selenium.remote.HttpCommandExecutor.execute(HttpCommandExecutor.java:215)
at org.openqa.selenium.remote.service.DriverCommandExecutor.invokeExecute(DriverCommandExecutor.java:216)
at org.openqa.selenium.remote.service.DriverCommandExecutor.execute(DriverCommandExecutor.java:174)
at org.openqa.selenium.remote.RemoteWebDriver.execute(RemoteWebDriver.java:545)
at org.openqa.selenium.remote.RemoteWebElement.execute(RemoteWebElement.java:223)
at org.openqa.selenium.remote.RemoteWebElement.click(RemoteWebElement.java:76)
at normalFlow_BaseClasses.PMSCyclePage.addPMSCycle(PMSCyclePage.java:30)
at Test_Suit.SmokeTestSuite.AddPMSCycle(SmokeTestSuite.java:108)
... Removed 26 stack frames]]>
    </failure>
  </testcase> <!-- AddPMSCycle -->
  <testcase classname="Test_Suit.SmokeTestSuite" name="Initiate_PMSCycle" time="0.0">
    <skipped/>
  </testcase> <!-- Initiate_PMSCycle -->
  <testcase classname="Test_Suit.SmokeTestSuite" name="Manager_AddGoalTo_Emp" time="0.0">
    <skipped/>
  </testcase> <!-- Manager_AddGoalTo_Emp -->
  <testcase classname="Test_Suit.SmokeTestSuite" name="Employee_AssessmentSubmission" time="0.0">
    <skipped/>
  </testcase> <!-- Employee_AssessmentSubmission -->
  <testcase classname="Test_Suit.SmokeTestSuite" name="Manager_AssessmentSubmissionTo_Skip" time="0.0">
    <skipped/>
  </testcase> <!-- Manager_AssessmentSubmissionTo_Skip -->
  <testcase classname="Test_Suit.SmokeTestSuite" name="Skip_Approval" time="0.0">
    <skipped/>
  </testcase> <!-- Skip_Approval -->
  <testcase classname="Test_Suit.SmokeTestSuite" name="OneToOneMeeting_Manager" time="0.0">
    <skipped/>
  </testcase> <!-- OneToOneMeeting_Manager -->
  <testcase classname="Test_Suit.SmokeTestSuite" name="OnToOneMeeting_Employee" time="0.0">
    <skipped/>
  </testcase> <!-- OnToOneMeeting_Employee -->
  <testcase classname="Test_Suit.SmokeTestSuite" name="Finalize_Emp_Appraisal" time="0.0">
    <skipped/>
  </testcase> <!-- Finalize_Emp_Appraisal -->
  <testcase classname="Test_Suit.SmokeTestSuite" name="Remove_EmployeesFromGoalPlan" time="63.688">
    <skipped/>
  </testcase> <!-- Remove_EmployeesFromGoalPlan -->
  <testcase classname="Test_Suit.SmokeTestSuite" name="Remove_EmployeesFromGoalPlan" time="56.081">
    <failure type="org.openqa.selenium.NoSuchElementException" message="Cannot locate option with text: Automation PMS cycle 109
For documentation on this error, please visit: https://www.selenium.dev/documentation/webdriver/troubleshooting/errors#no-such-element-exception
Build info: version: &amp;apos;4.28.1&amp;apos;, revision: &amp;apos;73f5ad48a2&amp;apos;
System info: os.name: &amp;apos;Windows 10&amp;apos;, os.arch: &amp;apos;amd64&amp;apos;, os.version: &amp;apos;10.0&amp;apos;, java.version: &amp;apos;21.0.6&amp;apos;
Driver info: driver.version: unknown">
      <![CDATA[org.openqa.selenium.NoSuchElementException: Cannot locate option with text: Automation PMS cycle 109
For documentation on this error, please visit: https://www.selenium.dev/documentation/webdriver/troubleshooting/errors#no-such-element-exception
Build info: version: '4.28.1', revision: '73f5ad48a2'
System info: os.name: 'Windows 10', os.arch: 'amd64', os.version: '10.0', java.version: '21.0.6'
Driver info: driver.version: unknown
at org.openqa.selenium.support.ui.Select.selectByVisibleText(Select.java:167)
at normalFlow_BaseClasses.Delete_the_PMS_Cycle.Deletion(Delete_the_PMS_Cycle.java:32)
at Test_Suit.SmokeTestSuite.Remove_EmployeesFromGoalPlan(SmokeTestSuite.java:225)
... Removed 23 stack frames]]>
    </failure>
  </testcase> <!-- Remove_EmployeesFromGoalPlan -->
  <testcase classname="Test_Suit.SmokeTestSuite" name="DeletionOf_PMSCycleAndGoalPlan" time="68.259">
    <skipped/>
  </testcase> <!-- DeletionOf_PMSCycleAndGoalPlan -->
  <testcase classname="Test_Suit.SmokeTestSuite" name="DeletionOf_PMSCycleAndGoalPlan" time="62.099">
    <failure type="org.openqa.selenium.NoSuchElementException" message="no such element: Unable to locate element: {&amp;quot;method&amp;quot;:&amp;quot;xpath&amp;quot;,&amp;quot;selector&amp;quot;:&amp;quot;//tr[1]//span[contains(text(),&amp;apos;Automation PMS cycle 109&amp;apos;)]&amp;quot;}
  (Session info: chrome=139.0.7258.66)
For documentation on this error, please visit: https://www.selenium.dev/documentation/webdriver/troubleshooting/errors#no-such-element-exception
Build info: version: &amp;apos;4.28.1&amp;apos;, revision: &amp;apos;73f5ad48a2&amp;apos;
System info: os.name: &amp;apos;Windows 10&amp;apos;, os.arch: &amp;apos;amd64&amp;apos;, os.version: &amp;apos;10.0&amp;apos;, java.version: &amp;apos;21.0.6&amp;apos;
Driver info: org.openqa.selenium.chrome.ChromeDriver
Command: [305c0b0fa52eca2a67bc297459919581, findElement {value=//tr[1]//span[contains(text(),&amp;apos;Automation PMS cycle 109&amp;apos;)], using=xpath}]
Capabilities {acceptInsecureCerts: false, browserName: chrome, browserVersion: 139.0.7258.66, chrome: {chromedriverVersion: 139.0.7258.66 (a62d32994769..., userDataDir: C:\Users\DELL\AppData\Local...}, fedcm:accounts: true, goog:chromeOptions: {debuggerAddress: localhost:52660}, networkConnectionEnabled: false, pageLoadStrategy: normal, platformName: windows, proxy: Proxy(), se:cdp: ws://localhost:52660/devtoo..., se:cdpVersion: 139.0.7258.66, setWindowRect: true, strictFileInteractability: false, timeouts: {implicit: 0, pageLoad: 300000, script: 30000}, unhandledPromptBehavior: dismiss and notify, webauthn:extension:credBlob: true, webauthn:extension:largeBlob: true, webauthn:extension:minPinLength: true, webauthn:extension:prf: true, webauthn:virtualAuthenticators: true}
Session ID: 305c0b0fa52eca2a67bc297459919581">
      <![CDATA[org.openqa.selenium.NoSuchElementException: no such element: Unable to locate element: {"method":"xpath","selector":"//tr[1]//span[contains(text(),'Automation PMS cycle 109')]"}
  (Session info: chrome=139.0.7258.66)
For documentation on this error, please visit: https://www.selenium.dev/documentation/webdriver/troubleshooting/errors#no-such-element-exception
Build info: version: '4.28.1', revision: '73f5ad48a2'
System info: os.name: 'Windows 10', os.arch: 'amd64', os.version: '10.0', java.version: '21.0.6'
Driver info: org.openqa.selenium.chrome.ChromeDriver
Command: [305c0b0fa52eca2a67bc297459919581, findElement {value=//tr[1]//span[contains(text(),'Automation PMS cycle 109')], using=xpath}]
Capabilities {acceptInsecureCerts: false, browserName: chrome, browserVersion: 139.0.7258.66, chrome: {chromedriverVersion: 139.0.7258.66 (a62d32994769..., userDataDir: C:\Users\DELL\AppData\Local...}, fedcm:accounts: true, goog:chromeOptions: {debuggerAddress: localhost:52660}, networkConnectionEnabled: false, pageLoadStrategy: normal, platformName: windows, proxy: Proxy(), se:cdp: ws://localhost:52660/devtoo..., se:cdpVersion: 139.0.7258.66, setWindowRect: true, strictFileInteractability: false, timeouts: {implicit: 0, pageLoad: 300000, script: 30000}, unhandledPromptBehavior: dismiss and notify, webauthn:extension:credBlob: true, webauthn:extension:largeBlob: true, webauthn:extension:minPinLength: true, webauthn:extension:prf: true, webauthn:virtualAuthenticators: true}
Session ID: 305c0b0fa52eca2a67bc297459919581
at org.openqa.selenium.remote.ErrorCodec.decode(ErrorCodec.java:167)
at org.openqa.selenium.remote.codec.w3c.W3CHttpResponseCodec.decode(W3CHttpResponseCodec.java:138)
at org.openqa.selenium.remote.codec.w3c.W3CHttpResponseCodec.decode(W3CHttpResponseCodec.java:50)
at org.openqa.selenium.remote.HttpCommandExecutor.execute(HttpCommandExecutor.java:215)
at org.openqa.selenium.remote.service.DriverCommandExecutor.invokeExecute(DriverCommandExecutor.java:216)
at org.openqa.selenium.remote.service.DriverCommandExecutor.execute(DriverCommandExecutor.java:174)
at org.openqa.selenium.remote.RemoteWebDriver.execute(RemoteWebDriver.java:545)
at org.openqa.selenium.remote.ElementLocation$ElementFinder$2.findElement(ElementLocation.java:165)
at org.openqa.selenium.remote.ElementLocation.findElement(ElementLocation.java:59)
at org.openqa.selenium.remote.RemoteWebDriver.findElement(RemoteWebDriver.java:368)
at org.openqa.selenium.remote.RemoteWebDriver.findElement(RemoteWebDriver.java:362)
at normalFlow_BaseClasses.Delete_Goal_Plan_and_PMS_Cycle.DeletionPMSCycle(Delete_Goal_Plan_and_PMS_Cycle.java:47)
at Test_Suit.SmokeTestSuite.DeletionOf_PMSCycleAndGoalPlan(SmokeTestSuite.java:237)
... Removed 26 stack frames]]>
    </failure>
  </testcase> <!-- DeletionOf_PMSCycleAndGoalPlan -->
</testsuite> <!-- Smoke testing -->
