<?xml version="1.0" encoding="UTF-8"?>
<!-- Generated by org.testng.reporters.JUnitXMLReporter -->
<testsuite ignored="0" hostname="DESKTOP-GT0LFB9" failures="0" tests="12" name="Smoke testing" time="552.999" errors="0" timestamp="25 Aug 2025 05:32:48 GMT">
  <testcase classname="Test_Suit.SmokeTestSuite" name="AddGoalPlan" time="60.617"/>
  <testcase classname="Test_Suit.SmokeTestSuite" name="AddPMSCycle" time="24.156"/>
  <testcase classname="Test_Suit.SmokeTestSuite" name="Initiate_PMSCycle" time="8.658"/>
  <testcase classname="Test_Suit.SmokeTestSuite" name="Manager_AddGoalTo_Emp" time="84.141"/>
  <testcase classname="Test_Suit.SmokeTestSuite" name="Employee_AssessmentSubmission" time="35.265"/>
  <testcase classname="Test_Suit.SmokeTestSuite" name="Manager_AssessmentSubmissionTo_Skip" time="33.135"/>
  <testcase classname="Test_Suit.SmokeTestSuite" name="Skip_Approval" time="41.649"/>
  <testcase classname="Test_Suit.SmokeTestSuite" name="OneToOneMeeting_Manager" time="27.994"/>
  <testcase classname="Test_Suit.SmokeTestSuite" name="OnToOneMeeting_Employee" time="28.932"/>
  <testcase classname="Test_Suit.SmokeTestSuite" name="Finalize_Emp_Appraisal" time="45.157"/>
  <testcase classname="Test_Suit.SmokeTestSuite" name="Remove_EmployeesFromGoalPlan" time="116.146"/>
  <testcase classname="Test_Suit.SmokeTestSuite" name="DeletionOf_PMSCycleAndGoalPlan" time="26.502"/>
</testsuite> <!-- Smoke testing -->
