<?xml version="1.0" encoding="UTF-8"?>
<!-- Generated by org.testng.reporters.JUnitXMLReporter -->
<testsuite ignored="0" hostname="santhosh-dv" failures="2" tests="15" name="Smoke testing" time="276.942" errors="0" timestamp="25 Feb 2025 12:31:36 GMT">
  <testcase classname="Test_Suit.SmokeTestSuite" name="AddGoalPlan" time="39.919"/>
  <testcase classname="Test_Suit.SmokeTestSuite" name="AddPMSCycle" time="26.732"/>
  <testcase classname="Test_Suit.SmokeTestSuite" name="Initiate_PMSCycle" time="21.724"/>
  <testcase classname="Test_Suit.SmokeTestSuite" name="Manager_AddGoalTo_Emp" time="44.276">
    <skipped/>
  </testcase> <!-- Manager_AddGoalTo_Emp -->
  <testcase classname="Test_Suit.SmokeTestSuite" name="Manager_AddGoalTo_Emp" time="33.823">
    <failure type="org.openqa.selenium.TimeoutException" message="Expected condition failed: waiting for visibility of element located by By.xpath: //*[@id=&amp;quot;s-tab01&amp;quot;]/div/div[2]/div[3]/a[2] (tried for 10 second(s) with 500 milliseconds interval)
Build info: version: &amp;apos;4.26.0&amp;apos;, revision: &amp;apos;8ccf0219d7&amp;apos;
System info: os.name: &amp;apos;Windows 10&amp;apos;, os.arch: &amp;apos;amd64&amp;apos;, os.version: &amp;apos;10.0&amp;apos;, java.version: &amp;apos;23.0.2&amp;apos;
Driver info: org.openqa.selenium.chrome.ChromeDriver
Capabilities {acceptInsecureCerts: false, browserName: chrome, browserVersion: 133.0.6943.127, chrome: {chromedriverVersion: 133.0.6943.126 (cffa127ce7b..., userDataDir: C:\Users\DELL\AppData\Local...}, fedcm:accounts: true, goog:chromeOptions: {debuggerAddress: localhost:56353}, networkConnectionEnabled: false, pageLoadStrategy: normal, platformName: windows, proxy: Proxy(), se:cdp: ws://localhost:56353/devtoo..., se:cdpVersion: 133.0.6943.127, setWindowRect: true, strictFileInteractability: false, timeouts: {implicit: 0, pageLoad: 300000, script: 30000}, unhandledPromptBehavior: dismiss and notify, webauthn:extension:credBlob: true, webauthn:extension:largeBlob: true, webauthn:extension:minPinLength: true, webauthn:extension:prf: true, webauthn:virtualAuthenticators: true}
Session ID: 15e455434fa2588bb17bfb64a0c743aa">
      <![CDATA[org.openqa.selenium.TimeoutException: Expected condition failed: waiting for visibility of element located by By.xpath: //*[@id="s-tab01"]/div/div[2]/div[3]/a[2] (tried for 10 second(s) with 500 milliseconds interval)
Build info: version: '4.26.0', revision: '8ccf0219d7'
System info: os.name: 'Windows 10', os.arch: 'amd64', os.version: '10.0', java.version: '23.0.2'
Driver info: org.openqa.selenium.chrome.ChromeDriver
Capabilities {acceptInsecureCerts: false, browserName: chrome, browserVersion: 133.0.6943.127, chrome: {chromedriverVersion: 133.0.6943.126 (cffa127ce7b..., userDataDir: C:\Users\DELL\AppData\Local...}, fedcm:accounts: true, goog:chromeOptions: {debuggerAddress: localhost:56353}, networkConnectionEnabled: false, pageLoadStrategy: normal, platformName: windows, proxy: Proxy(), se:cdp: ws://localhost:56353/devtoo..., se:cdpVersion: 133.0.6943.127, setWindowRect: true, strictFileInteractability: false, timeouts: {implicit: 0, pageLoad: 300000, script: 30000}, unhandledPromptBehavior: dismiss and notify, webauthn:extension:credBlob: true, webauthn:extension:largeBlob: true, webauthn:extension:minPinLength: true, webauthn:extension:prf: true, webauthn:virtualAuthenticators: true}
Session ID: 15e455434fa2588bb17bfb64a0c743aa
at org.openqa.selenium.support.ui.WebDriverWait.timeoutException(WebDriverWait.java:84)
at org.openqa.selenium.support.ui.FluentWait.until(FluentWait.java:228)
at NormalFlowForEmployee.manager_AddGoals.openEmployeeAssessment(manager_AddGoals.java:75)
at Test_Suit.SmokeTestSuite.Manager_AddGoalTo_Emp(SmokeTestSuite.java:124)
... Removed 23 stack frames]]>
    </failure>
  </testcase> <!-- Manager_AddGoalTo_Emp -->
  <testcase classname="Test_Suit.SmokeTestSuite" name="Employee_AssessmentSubmission" time="0.0">
    <skipped/>
  </testcase> <!-- Employee_AssessmentSubmission -->
  <testcase classname="Test_Suit.SmokeTestSuite" name="Manager_AssessmentSubmissionTo_Skip" time="0.0">
    <skipped/>
  </testcase> <!-- Manager_AssessmentSubmissionTo_Skip -->
  <testcase classname="Test_Suit.SmokeTestSuite" name="Skip_Approval" time="0.0">
    <skipped/>
  </testcase> <!-- Skip_Approval -->
  <testcase classname="Test_Suit.SmokeTestSuite" name="OneToOneMeeting_Manager" time="0.0">
    <skipped/>
  </testcase> <!-- OneToOneMeeting_Manager -->
  <testcase classname="Test_Suit.SmokeTestSuite" name="OnToOneMeeting_Employee" time="0.0">
    <skipped/>
  </testcase> <!-- OnToOneMeeting_Employee -->
  <testcase classname="Test_Suit.SmokeTestSuite" name="Finalize_Emp_Appraisal" time="0.0">
    <skipped/>
  </testcase> <!-- Finalize_Emp_Appraisal -->
  <testcase classname="Test_Suit.SmokeTestSuite" name="Remove_EmployeesFromGoalPlan" time="28.362">
    <skipped/>
  </testcase> <!-- Remove_EmployeesFromGoalPlan -->
  <testcase classname="Test_Suit.SmokeTestSuite" name="Remove_EmployeesFromGoalPlan" time="24.714"/>
  <testcase classname="Test_Suit.SmokeTestSuite" name="DeletionOf_PMSCycleAndGoalPlan" time="13.629">
    <skipped/>
  </testcase> <!-- DeletionOf_PMSCycleAndGoalPlan -->
  <testcase classname="Test_Suit.SmokeTestSuite" name="DeletionOf_PMSCycleAndGoalPlan" time="13.685">
    <failure type="org.openqa.selenium.ElementClickInterceptedException" message="element click intercepted: Element &amp;lt;h3&amp;gt;...&amp;lt;/h3&amp;gt; is not clickable at point (512, 876). Other element would receive the click: &amp;lt;div class=&amp;quot;text-center&amp;quot;&amp;gt;...&amp;lt;/div&amp;gt;
  (Session info: chrome=133.0.6943.127)
Build info: version: &amp;apos;4.26.0&amp;apos;, revision: &amp;apos;8ccf0219d7&amp;apos;
System info: os.name: &amp;apos;Windows 10&amp;apos;, os.arch: &amp;apos;amd64&amp;apos;, os.version: &amp;apos;10.0&amp;apos;, java.version: &amp;apos;23.0.2&amp;apos;
Driver info: org.openqa.selenium.chrome.ChromeDriver
Command: [15e455434fa2588bb17bfb64a0c743aa, clickElement {id=f.0B7D21F4D91E8290FBE8A36D140EA15B.d.A601D5AEEEE0F97ED0761BBFF4FD6825.e.2164}]
Capabilities {acceptInsecureCerts: false, browserName: chrome, browserVersion: 133.0.6943.127, chrome: {chromedriverVersion: 133.0.6943.126 (cffa127ce7b..., userDataDir: C:\Users\DELL\AppData\Local...}, fedcm:accounts: true, goog:chromeOptions: {debuggerAddress: localhost:56353}, networkConnectionEnabled: false, pageLoadStrategy: normal, platformName: windows, proxy: Proxy(), se:cdp: ws://localhost:56353/devtoo..., se:cdpVersion: 133.0.6943.127, setWindowRect: true, strictFileInteractability: false, timeouts: {implicit: 0, pageLoad: 300000, script: 30000}, unhandledPromptBehavior: dismiss and notify, webauthn:extension:credBlob: true, webauthn:extension:largeBlob: true, webauthn:extension:minPinLength: true, webauthn:extension:prf: true, webauthn:virtualAuthenticators: true}
Element: [[ChromeDriver: chrome on windows (15e455434fa2588bb17bfb64a0c743aa)] -&amp;gt; xpath: //h3[contains(text(),&amp;apos;Performance Review Cycle Management&amp;apos;)]]
Session ID: 15e455434fa2588bb17bfb64a0c743aa">
      <![CDATA[org.openqa.selenium.ElementClickInterceptedException: element click intercepted: Element <h3>...</h3> is not clickable at point (512, 876). Other element would receive the click: <div class="text-center">...</div>
  (Session info: chrome=133.0.6943.127)
Build info: version: '4.26.0', revision: '8ccf0219d7'
System info: os.name: 'Windows 10', os.arch: 'amd64', os.version: '10.0', java.version: '23.0.2'
Driver info: org.openqa.selenium.chrome.ChromeDriver
Command: [15e455434fa2588bb17bfb64a0c743aa, clickElement {id=f.0B7D21F4D91E8290FBE8A36D140EA15B.d.A601D5AEEEE0F97ED0761BBFF4FD6825.e.2164}]
Capabilities {acceptInsecureCerts: false, browserName: chrome, browserVersion: 133.0.6943.127, chrome: {chromedriverVersion: 133.0.6943.126 (cffa127ce7b..., userDataDir: C:\Users\DELL\AppData\Local...}, fedcm:accounts: true, goog:chromeOptions: {debuggerAddress: localhost:56353}, networkConnectionEnabled: false, pageLoadStrategy: normal, platformName: windows, proxy: Proxy(), se:cdp: ws://localhost:56353/devtoo..., se:cdpVersion: 133.0.6943.127, setWindowRect: true, strictFileInteractability: false, timeouts: {implicit: 0, pageLoad: 300000, script: 30000}, unhandledPromptBehavior: dismiss and notify, webauthn:extension:credBlob: true, webauthn:extension:largeBlob: true, webauthn:extension:minPinLength: true, webauthn:extension:prf: true, webauthn:virtualAuthenticators: true}
Element: [[ChromeDriver: chrome on windows (15e455434fa2588bb17bfb64a0c743aa)] -> xpath: //h3[contains(text(),'Performance Review Cycle Management')]]
Session ID: 15e455434fa2588bb17bfb64a0c743aa
at org.openqa.selenium.remote.ErrorCodec.decode(ErrorCodec.java:167)
at org.openqa.selenium.remote.codec.w3c.W3CHttpResponseCodec.decode(W3CHttpResponseCodec.java:138)
at org.openqa.selenium.remote.codec.w3c.W3CHttpResponseCodec.decode(W3CHttpResponseCodec.java:50)
at org.openqa.selenium.remote.HttpCommandExecutor.execute(HttpCommandExecutor.java:190)
at org.openqa.selenium.remote.service.DriverCommandExecutor.invokeExecute(DriverCommandExecutor.java:216)
at org.openqa.selenium.remote.service.DriverCommandExecutor.execute(DriverCommandExecutor.java:174)
at org.openqa.selenium.remote.RemoteWebDriver.execute(RemoteWebDriver.java:545)
at org.openqa.selenium.remote.RemoteWebElement.execute(RemoteWebElement.java:223)
at org.openqa.selenium.remote.RemoteWebElement.click(RemoteWebElement.java:76)
at NormalFlowForEmployee.Delete_Goal_Plan_and_PMS_Cycle.DeletionPMSCycle(Delete_Goal_Plan_and_PMS_Cycle.java:26)
at Test_Suit.SmokeTestSuite.DeletionOf_PMSCycleAndGoalPlan(SmokeTestSuite.java:223)
... Removed 26 stack frames]]>
    </failure>
  </testcase> <!-- DeletionOf_PMSCycleAndGoalPlan -->
</testsuite> <!-- Smoke testing -->
