<?xml version="1.0" encoding="UTF-8"?>
<!-- Generated by org.testng.reporters.JUnitXMLReporter -->
<testsuite ignored="0" hostname="DESKTOP-92N64IC" failures="0" tests="12" name="Smoke testing" time="295.379" errors="0" timestamp="18 Nov 2024 11:05:51 GMT">
  <testcase classname="Test_Suit.SmokeTestSuite" name="AddGoalPlan" time="36.431"/>
  <testcase classname="Test_Suit.SmokeTestSuite" name="AddPMSCycle" time="16.19"/>
  <testcase classname="Test_Suit.SmokeTestSuite" name="Initiate_PMSCycle" time="17.49"/>
  <testcase classname="Test_Suit.SmokeTestSuite" name="Manager_AddGoalTo_Emp" time="28.91"/>
  <testcase classname="Test_Suit.SmokeTestSuite" name="Employee_AssessmentSubmission" time="24.312"/>
  <testcase classname="Test_Suit.SmokeTestSuite" name="Manager_AssessmentSubmissionTo_Skip" time="21.394"/>
  <testcase classname="Test_Suit.SmokeTestSuite" name="Skip_Approval" time="14.886"/>
  <testcase classname="Test_Suit.SmokeTestSuite" name="OneToOneMeeting_Manager" time="18.315"/>
  <testcase classname="Test_Suit.SmokeTestSuite" name="OnToOneMeeting_Employee" time="13.016"/>
  <testcase classname="Test_Suit.SmokeTestSuite" name="Finalize_Emp_Appraisal" time="27.333"/>
  <testcase classname="Test_Suit.SmokeTestSuite" name="Remove_EmployeesFromGoalPlan" time="36.863"/>
  <testcase classname="Test_Suit.SmokeTestSuite" name="DeletionOf_PMSCycleAndGoalPlan" time="27.431"/>
</testsuite> <!-- Smoke testing -->
