<?xml version="1.0" encoding="UTF-8"?>
<!-- Generated by org.testng.reporters.JUnitXMLReporter -->
<testsuite ignored="0" hostname="DESKTOP-92N64IC" failures="0" tests="12" name="Smoke testing" time="321.354" errors="0" timestamp="21 Jan 2025 07:04:14 GMT">
  <testcase classname="Test_Suit.SmokeTestSuite" name="AddGoalPlan" time="37.107"/>
  <testcase classname="Test_Suit.SmokeTestSuite" name="AddPMSCycle" time="16.393"/>
  <testcase classname="Test_Suit.SmokeTestSuite" name="Initiate_PMSCycle" time="17.79"/>
  <testcase classname="Test_Suit.SmokeTestSuite" name="Manager_AddGoalTo_Emp" time="36.177"/>
  <testcase classname="Test_Suit.SmokeTestSuite" name="Employee_AssessmentSubmission" time="34.837"/>
  <testcase classname="Test_Suit.SmokeTestSuite" name="Manager_AssessmentSubmissionTo_Skip" time="23.624"/>
  <testcase classname="Test_Suit.SmokeTestSuite" name="Skip_Approval" time="15.534"/>
  <testcase classname="Test_Suit.SmokeTestSuite" name="OneToOneMeeting_Manager" time="19.964"/>
  <testcase classname="Test_Suit.SmokeTestSuite" name="OnToOneMeeting_Employee" time="14.239"/>
  <testcase classname="Test_Suit.SmokeTestSuite" name="Finalize_Emp_Appraisal" time="28.229"/>
  <testcase classname="Test_Suit.SmokeTestSuite" name="Remove_EmployeesFromGoalPlan" time="38.573"/>
  <testcase classname="Test_Suit.SmokeTestSuite" name="DeletionOf_PMSCycleAndGoalPlan" time="26.422"/>
</testsuite> <!-- Smoke testing -->
