<?xml version="1.0" encoding="UTF-8"?>
<testng-results ignored="0" total="1" passed="1" failed="0" skipped="0">
  <reporter-output>
  </reporter-output>
  <suite started-at="2024-06-19T12:42:42Z" name="Default suite" finished-at="2024-06-19T12:43:31Z" duration-ms="49545">
    <groups>
    </groups>
    <test started-at="2024-06-19T12:42:42Z" name="Default test" finished-at="2024-06-19T12:43:31Z" duration-ms="49545">
      <class name="normalFlowTest.EmpNormalFlowTest">
        <test-method is-config="true" signature="AddGoalPlan()[pri:0, instance:normalFlowTest.EmpNormalFlowTest@7aaca91a]" started-at="2024-06-19T12:42:42Z" name="AddGoalPlan" finished-at="2024-06-19T12:43:00Z" duration-ms="18673" status="PASS">
          <reporter-output>
          </reporter-output>
        </test-method> <!-- AddGoalPlan -->
        <test-method signature="AddGoalPaln()[pri:0, instance:normalFlowTest.EmpNormalFlowTest@7aaca91a]" started-at="2024-06-19T12:43:00Z" name="AddGoalPaln" finished-at="2024-06-19T12:43:30Z" duration-ms="30185" status="PASS">
          <reporter-output>
          </reporter-output>
        </test-method> <!-- AddGoalPaln -->
        <test-method is-config="true" signature="tearDown()[pri:0, instance:normalFlowTest.EmpNormalFlowTest@7aaca91a]" started-at="2024-06-19T12:43:30Z" name="tearDown" finished-at="2024-06-19T12:43:31Z" duration-ms="666" status="PASS">
          <reporter-output>
          </reporter-output>
        </test-method> <!-- tearDown -->
      </class> <!-- normalFlowTest.EmpNormalFlowTest -->
    </test> <!-- Default test -->
  </suite> <!-- Default suite -->
</testng-results>
