<?xml version="1.0" encoding="UTF-8"?>
<testng-results ignored="0" total="8" passed="7" failed="0" skipped="1">
  <reporter-output>
  </reporter-output>
  <suite started-at="2025-08-14T06:07:02Z" name="Default suite" finished-at="2025-08-14T06:13:33Z" duration-ms="391303">
    <groups>
    </groups>
    <test started-at="2025-08-14T06:07:02Z" name="Default test" finished-at="2025-08-14T06:13:33Z" duration-ms="391303">
      <class name="Test_Suit.DirectMGR_Smoke">
        <test-method is-config="true" signature="setUp()[pri:0, instance:Test_Suit.DirectMGR_Smoke@260f2144]" started-at="2025-08-14T06:07:02Z" name="setUp" finished-at="2025-08-14T06:07:14Z" duration-ms="12518" status="PASS">
          <reporter-output>
          </reporter-output>
        </test-method> <!-- setUp -->
        <test-method signature="AddGoalPlan()[pri:1, instance:Test_Suit.DirectMGR_Smoke@260f2144]" started-at="2025-08-14T06:07:15Z" name="AddGoalPlan" finished-at="2025-08-14T06:08:13Z" duration-ms="58050" status="PASS">
          <reporter-output>
          </reporter-output>
        </test-method> <!-- AddGoalPlan -->
        <test-method signature="AddPMSCycle()[pri:2, instance:Test_Suit.DirectMGR_Smoke@260f2144]" started-at="2025-08-14T06:08:13Z" name="AddPMSCycle" finished-at="2025-08-14T06:08:29Z" depends-on-methods="Test_Suit.DirectMGR_Smoke.AddGoalPlan" duration-ms="16733" status="PASS">
          <reporter-output>
          </reporter-output>
        </test-method> <!-- AddPMSCycle -->
        <test-method signature="Initiate_PMSCycle()[pri:3, instance:Test_Suit.DirectMGR_Smoke@260f2144]" started-at="2025-08-14T06:08:29Z" name="Initiate_PMSCycle" finished-at="2025-08-14T06:08:42Z" depends-on-methods="Test_Suit.DirectMGR_Smoke.AddPMSCycle" duration-ms="12452" status="PASS">
          <reporter-output>
          </reporter-output>
        </test-method> <!-- Initiate_PMSCycle -->
        <test-method signature="ManagerFlow()[pri:3, instance:Test_Suit.DirectMGR_Smoke@260f2144]" started-at="2025-08-14T06:08:42Z" name="ManagerFlow" finished-at="2025-08-14T06:09:38Z" depends-on-methods="Test_Suit.DirectMGR_Smoke.Initiate_PMSCycle" duration-ms="55782" status="PASS">
          <reporter-output>
          </reporter-output>
        </test-method> <!-- ManagerFlow -->
        <test-method signature="Skip_Approval()[pri:4, instance:Test_Suit.DirectMGR_Smoke@260f2144]" started-at="2025-08-14T06:09:38Z" name="Skip_Approval" finished-at="2025-08-14T06:10:17Z" depends-on-methods="Test_Suit.DirectMGR_Smoke.ManagerFlow" duration-ms="39480" status="PASS">
          <reporter-output>
          </reporter-output>
        </test-method> <!-- Skip_Approval -->
        <test-method signature="Remove_EmployeesFromGoalPlan()[pri:5, instance:Test_Suit.DirectMGR_Smoke@260f2144]" started-at="2025-08-14T06:10:17Z" name="Remove_EmployeesFromGoalPlan" finished-at="2025-08-14T06:11:45Z" duration-ms="88133" status="SKIP">
          <exception class="org.openqa.selenium.TimeoutException">
            <message>
              <![CDATA[Expected condition failed: waiting for element to be clickable: By.xpath: (//b[contains(text(),"Reset Employee Assessment ")])[1] (tried for 20 second(s) with 500 milliseconds interval)
Build info: version: '4.28.1', revision: '73f5ad48a2'
System info: os.name: 'Windows 10', os.arch: 'amd64', os.version: '10.0', java.version: '21.0.6'
Driver info: org.openqa.selenium.chrome.ChromeDriver
Capabilities {acceptInsecureCerts: false, browserName: chrome, browserVersion: 139.0.7258.127, chrome: {chromedriverVersion: 139.0.7258.68 (40ff94600b6e..., userDataDir: C:\Users\DELL\AppData\Local...}, fedcm:accounts: true, goog:chromeOptions: {debuggerAddress: localhost:55737}, networkConnectionEnabled: false, pageLoadStrategy: normal, platformName: windows, proxy: Proxy(), se:cdp: ws://localhost:55737/devtoo..., se:cdpVersion: 139.0.7258.127, setWindowRect: true, strictFileInteractability: false, timeouts: {implicit: 0, pageLoad: 300000, script: 30000}, unhandledPromptBehavior: dismiss and notify, webauthn:extension:credBlob: true, webauthn:extension:largeBlob: true, webauthn:extension:minPinLength: true, webauthn:extension:prf: true, webauthn:virtualAuthenticators: true}
Session ID: f756af97d668a201b46ec40dde525975]]>
            </message>
            <full-stacktrace>
              <![CDATA[org.openqa.selenium.TimeoutException: Expected condition failed: waiting for element to be clickable: By.xpath: (//b[contains(text(),"Reset Employee Assessment ")])[1] (tried for 20 second(s) with 500 milliseconds interval)
Build info: version: '4.28.1', revision: '73f5ad48a2'
System info: os.name: 'Windows 10', os.arch: 'amd64', os.version: '10.0', java.version: '21.0.6'
Driver info: org.openqa.selenium.chrome.ChromeDriver
Capabilities {acceptInsecureCerts: false, browserName: chrome, browserVersion: 139.0.7258.127, chrome: {chromedriverVersion: 139.0.7258.68 (40ff94600b6e..., userDataDir: C:\Users\DELL\AppData\Local...}, fedcm:accounts: true, goog:chromeOptions: {debuggerAddress: localhost:55737}, networkConnectionEnabled: false, pageLoadStrategy: normal, platformName: windows, proxy: Proxy(), se:cdp: ws://localhost:55737/devtoo..., se:cdpVersion: 139.0.7258.127, setWindowRect: true, strictFileInteractability: false, timeouts: {implicit: 0, pageLoad: 300000, script: 30000}, unhandledPromptBehavior: dismiss and notify, webauthn:extension:credBlob: true, webauthn:extension:largeBlob: true, webauthn:extension:minPinLength: true, webauthn:extension:prf: true, webauthn:virtualAuthenticators: true}
Session ID: f756af97d668a201b46ec40dde525975
at org.openqa.selenium.support.ui.WebDriverWait.timeoutException(WebDriverWait.java:84)
at org.openqa.selenium.support.ui.FluentWait.until(FluentWait.java:228)
at normalFlow_BaseClasses.Delete_the_PMS_Cycle.ResetEmpAssesmet(Delete_the_PMS_Cycle.java:110)
at normalFlow_BaseClasses.Delete_the_PMS_Cycle.ResetManagerAssessment(Delete_the_PMS_Cycle.java:139)
at normalFlow_BaseClasses.Delete_the_PMS_Cycle.ResetApproverAssesmet(Delete_the_PMS_Cycle.java:156)
at normalFlow_BaseClasses.Delete_the_PMS_Cycle.Deletion(Delete_the_PMS_Cycle.java:85)
at Test_Suit.DirectMGR_Smoke.Remove_EmployeesFromGoalPlan(DirectMGR_Smoke.java:132)
at java.base/jdk.internal.reflect.DirectMethodHandleAccessor.invoke(DirectMethodHandleAccessor.java:103)
at java.base/java.lang.reflect.Method.invoke(Method.java:580)
at org.testng.internal.MethodInvocationHelper.invokeMethod(MethodInvocationHelper.java:124)
at org.testng.internal.Invoker.invokeMethod(Invoker.java:583)
at org.testng.internal.Invoker.invokeTestMethod(Invoker.java:719)
at org.testng.internal.Invoker.invokeTestMethods(Invoker.java:989)
at org.testng.internal.TestMethodWorker.invokeTestMethods(TestMethodWorker.java:125)
at org.testng.internal.TestMethodWorker.run(TestMethodWorker.java:109)
at org.testng.TestRunner.privateRun(TestRunner.java:648)
at org.testng.TestRunner.run(TestRunner.java:505)
at org.testng.SuiteRunner.runTest(SuiteRunner.java:455)
at org.testng.SuiteRunner.runSequentially(SuiteRunner.java:450)
at org.testng.SuiteRunner.privateRun(SuiteRunner.java:415)
at org.testng.SuiteRunner.run(SuiteRunner.java:364)
at org.testng.SuiteRunnerWorker.runSuite(SuiteRunnerWorker.java:52)
at org.testng.SuiteRunnerWorker.run(SuiteRunnerWorker.java:84)
at org.testng.TestNG.runSuitesSequentially(TestNG.java:1208)
at org.testng.TestNG.runSuitesLocally(TestNG.java:1137)
at org.testng.TestNG.runSuites(TestNG.java:1049)
at org.testng.TestNG.run(TestNG.java:1017)
at org.testng.remote.AbstractRemoteTestNG.run(AbstractRemoteTestNG.java:115)
at org.testng.remote.RemoteTestNG.initAndRun(RemoteTestNG.java:293)
at org.testng.remote.RemoteTestNG.main(RemoteTestNG.java:91)
]]>
            </full-stacktrace>
          </exception> <!-- org.openqa.selenium.TimeoutException -->
          <reporter-output>
          </reporter-output>
        </test-method> <!-- Remove_EmployeesFromGoalPlan -->
        <test-method signature="Remove_EmployeesFromGoalPlan()[pri:5, instance:Test_Suit.DirectMGR_Smoke@260f2144]" started-at="2025-08-14T06:11:45Z" name="Remove_EmployeesFromGoalPlan" finished-at="2025-08-14T06:12:51Z" duration-ms="65607" status="PASS">
          <reporter-output>
          </reporter-output>
        </test-method> <!-- Remove_EmployeesFromGoalPlan -->
        <test-method signature="DeletionOf_PMSCycleAndGoalPlan()[pri:6, instance:Test_Suit.DirectMGR_Smoke@260f2144]" started-at="2025-08-14T06:12:51Z" name="DeletionOf_PMSCycleAndGoalPlan" finished-at="2025-08-14T06:13:32Z" duration-ms="41366" status="PASS">
          <reporter-output>
          </reporter-output>
        </test-method> <!-- DeletionOf_PMSCycleAndGoalPlan -->
        <test-method is-config="true" signature="teardown()[pri:0, instance:Test_Suit.DirectMGR_Smoke@260f2144]" started-at="2025-08-14T06:13:32Z" name="teardown" finished-at="2025-08-14T06:13:33Z" duration-ms="871" status="PASS">
          <reporter-output>
          </reporter-output>
        </test-method> <!-- teardown -->
      </class> <!-- Test_Suit.DirectMGR_Smoke -->
    </test> <!-- Default test -->
  </suite> <!-- Default suite -->
</testng-results>
