<?xml version="1.0" encoding="UTF-8"?>
<testng-results ignored="0" total="17" passed="17" failed="0" skipped="0">
  <reporter-output>
  </reporter-output>
  <suite started-at="2024-06-07T12:18:49Z" name="Default suite" finished-at="2024-06-07T12:19:18Z" duration-ms="29542">
    <groups>
    </groups>
    <test started-at="2024-06-07T12:18:49Z" name="Default test" finished-at="2024-06-07T12:19:18Z" duration-ms="29542">
      <class name="Mytestpackage.degreeFedback360pagetest">
        <test-method is-config="true" signature="setup()[pri:0, instance:Mytestpackage.degreeFedback360pagetest@25f4878b]" started-at="2024-06-07T12:18:49Z" name="setup" finished-at="2024-06-07T12:19:10Z" duration-ms="21255" status="PASS">
          <reporter-output>
          </reporter-output>
        </test-method> <!-- setup -->
        <test-method signature="Pending()[pri:1, instance:Mytestpackage.degreeFedback360pagetest@25f4878b]" started-at="2024-06-07T12:19:10Z" name="Pending" finished-at="2024-06-07T12:19:10Z" duration-ms="227" status="PASS">
          <reporter-output>
          </reporter-output>
        </test-method> <!-- Pending -->
        <test-method signature="Completed()[pri:2, instance:Mytestpackage.degreeFedback360pagetest@25f4878b]" started-at="2024-06-07T12:19:10Z" name="Completed" finished-at="2024-06-07T12:19:10Z" duration-ms="121" status="PASS">
          <reporter-output>
          </reporter-output>
        </test-method> <!-- Completed -->
        <test-method signature="KRAPEERREVIEW()[pri:3, instance:Mytestpackage.degreeFedback360pagetest@25f4878b]" started-at="2024-06-07T12:19:10Z" name="KRAPEERREVIEW" finished-at="2024-06-07T12:19:10Z" duration-ms="120" status="PASS">
          <reporter-output>
          </reporter-output>
        </test-method> <!-- KRAPEERREVIEW -->
        <test-method signature="SCOPE()[pri:4, instance:Mytestpackage.degreeFedback360pagetest@25f4878b]" started-at="2024-06-07T12:19:10Z" name="SCOPE" finished-at="2024-06-07T12:19:10Z" duration-ms="138" status="PASS">
          <reporter-output>
          </reporter-output>
        </test-method> <!-- SCOPE -->
        <test-method signature="EMPLOYEE()[pri:5, instance:Mytestpackage.degreeFedback360pagetest@25f4878b]" started-at="2024-06-07T12:19:10Z" name="EMPLOYEE" finished-at="2024-06-07T12:19:11Z" duration-ms="116" status="PASS">
          <reporter-output>
          </reporter-output>
        </test-method> <!-- EMPLOYEE -->
        <test-method signature="REQUESTEDBY()[pri:6, instance:Mytestpackage.degreeFedback360pagetest@25f4878b]" started-at="2024-06-07T12:19:11Z" name="REQUESTEDBY" finished-at="2024-06-07T12:19:11Z" duration-ms="70" status="PASS">
          <reporter-output>
          </reporter-output>
        </test-method> <!-- REQUESTEDBY -->
        <test-method signature="EMPLOYEESELFREVIEW()[pri:7, instance:Mytestpackage.degreeFedback360pagetest@25f4878b]" started-at="2024-06-07T12:19:11Z" name="EMPLOYEESELFREVIEW" finished-at="2024-06-07T12:19:11Z" duration-ms="80" status="PASS">
          <reporter-output>
          </reporter-output>
        </test-method> <!-- EMPLOYEESELFREVIEW -->
        <test-method signature="MANAGERREVIEW()[pri:8, instance:Mytestpackage.degreeFedback360pagetest@25f4878b]" started-at="2024-06-07T12:19:11Z" name="MANAGERREVIEW" finished-at="2024-06-07T12:19:11Z" duration-ms="60" status="PASS">
          <reporter-output>
          </reporter-output>
        </test-method> <!-- MANAGERREVIEW -->
        <test-method signature="GOALPEERFEEDBACK()[pri:9, instance:Mytestpackage.degreeFedback360pagetest@25f4878b]" started-at="2024-06-07T12:19:11Z" name="GOALPEERFEEDBACK" finished-at="2024-06-07T12:19:11Z" duration-ms="80" status="PASS">
          <reporter-output>
          </reporter-output>
        </test-method> <!-- GOALPEERFEEDBACK -->
        <test-method signature="My360FEEDBACK()[pri:10, instance:Mytestpackage.degreeFedback360pagetest@25f4878b]" started-at="2024-06-07T12:19:11Z" name="My360FEEDBACK" finished-at="2024-06-07T12:19:11Z" duration-ms="110" status="PASS">
          <reporter-output>
          </reporter-output>
        </test-method> <!-- My360FEEDBACK -->
        <test-method signature="COMPETENCIESPEERREVIEW()[pri:11, instance:Mytestpackage.degreeFedback360pagetest@25f4878b]" started-at="2024-06-07T12:19:11Z" name="COMPETENCIESPEERREVIEW" finished-at="2024-06-07T12:19:11Z" duration-ms="276" status="PASS">
          <reporter-output>
          </reporter-output>
        </test-method> <!-- COMPETENCIESPEERREVIEW -->
        <test-method signature="Provide360Feedbackabout()[pri:12, instance:Mytestpackage.degreeFedback360pagetest@25f4878b]" started-at="2024-06-07T12:19:11Z" name="Provide360Feedbackabout" finished-at="2024-06-07T12:19:12Z" duration-ms="281" status="PASS">
          <reporter-output>
          </reporter-output>
        </test-method> <!-- Provide360Feedbackabout -->
        <test-method signature="Feedbackrequestedby()[pri:13, instance:Mytestpackage.degreeFedback360pagetest@25f4878b]" started-at="2024-06-07T12:19:12Z" name="Feedbackrequestedby" finished-at="2024-06-07T12:19:12Z" duration-ms="267" status="PASS">
          <reporter-output>
          </reporter-output>
        </test-method> <!-- Feedbackrequestedby -->
        <test-method signature="ReportingManager()[pri:14, instance:Mytestpackage.degreeFedback360pagetest@25f4878b]" started-at="2024-06-07T12:19:12Z" name="ReportingManager" finished-at="2024-06-07T12:19:12Z" duration-ms="82" status="PASS">
          <reporter-output>
          </reporter-output>
        </test-method> <!-- ReportingManager -->
        <test-method signature="Requestcameon()[pri:15, instance:Mytestpackage.degreeFedback360pagetest@25f4878b]" started-at="2024-06-07T12:19:12Z" name="Requestcameon" finished-at="2024-06-07T12:19:12Z" duration-ms="72" status="PASS">
          <reporter-output>
          </reporter-output>
        </test-method> <!-- Requestcameon -->
        <test-method signature="SelectReport()[pri:16, instance:Mytestpackage.degreeFedback360pagetest@25f4878b]" started-at="2024-06-07T12:19:12Z" name="SelectReport" finished-at="2024-06-07T12:19:17Z" duration-ms="5495" status="PASS">
          <reporter-output>
          </reporter-output>
        </test-method> <!-- SelectReport -->
        <test-method signature="ExporttoExcel()[pri:17, instance:Mytestpackage.degreeFedback360pagetest@25f4878b]" started-at="2024-06-07T12:19:17Z" name="ExporttoExcel" finished-at="2024-06-07T12:19:18Z" duration-ms="104" status="PASS">
          <reporter-output>
          </reporter-output>
        </test-method> <!-- ExporttoExcel -->
        <test-method is-config="true" signature="tearDown()[pri:0, instance:Mytestpackage.degreeFedback360pagetest@25f4878b]" started-at="2024-06-07T12:19:18Z" name="tearDown" finished-at="2024-06-07T12:19:18Z" duration-ms="512" status="PASS">
          <reporter-output>
          </reporter-output>
        </test-method> <!-- tearDown -->
      </class> <!-- Mytestpackage.degreeFedback360pagetest -->
    </test> <!-- Default test -->
  </suite> <!-- Default suite -->
</testng-results>
