<?xml version="1.0" encoding="UTF-8"?>
<testng-results ignored="0" total="12" passed="12" failed="0" skipped="0">
  <reporter-output>
  </reporter-output>
  <suite started-at="2024-09-12T06:32:53Z" name="Suite" finished-at="2024-09-12T06:37:43Z" duration-ms="289837">
    <groups>
    </groups>
    <test started-at="2024-09-12T06:32:53Z" name="Smoke testing" finished-at="2024-09-12T06:37:43Z" duration-ms="289837">
      <class name="Test_Suit.SmokeTestSuite">
        <test-method is-config="true" signature="setUp()[pri:0, instance:Test_Suit.SmokeTestSuite@6cce16f4]" started-at="2024-09-12T06:32:53Z" name="setUp" finished-at="2024-09-12T06:33:05Z" duration-ms="11970" status="PASS">
          <reporter-output>
          </reporter-output>
        </test-method> <!-- setUp -->
        <test-method signature="AddGoalPlan()[pri:1, instance:Test_Suit.SmokeTestSuite@6cce16f4]" started-at="2024-09-12T06:33:05Z" name="AddGoalPlan" finished-at="2024-09-12T06:33:42Z" duration-ms="37586" status="PASS">
          <reporter-output>
          </reporter-output>
        </test-method> <!-- AddGoalPlan -->
        <test-method is-config="true" signature="runOnFailure(org.testng.ITestResult)[pri:0, instance:Test_Suit.SmokeTestSuite@6cce16f4]" started-at="2024-09-12T06:33:42Z" name="runOnFailure" finished-at="2024-09-12T06:33:42Z" duration-ms="1" status="PASS">
          <params>
            <param index="0">
              <value>
                <![CDATA[[TestResult name=AddGoalPlan status=SUCCESS method=SmokeTestSuite.AddGoalPlan()[pri:1, instance:Test_Suit.SmokeTestSuite@6cce16f4] output={null}]]]>
              </value>
            </param>
          </params>
          <reporter-output>
          </reporter-output>
        </test-method> <!-- runOnFailure -->
        <test-method signature="AddPMSCycle()[pri:2, instance:Test_Suit.SmokeTestSuite@6cce16f4]" started-at="2024-09-12T06:33:42Z" name="AddPMSCycle" finished-at="2024-09-12T06:33:59Z" depends-on-methods="Test_Suit.SmokeTestSuite.AddGoalPlan" duration-ms="16073" status="PASS">
          <reporter-output>
          </reporter-output>
        </test-method> <!-- AddPMSCycle -->
        <test-method is-config="true" signature="runOnFailure(org.testng.ITestResult)[pri:0, instance:Test_Suit.SmokeTestSuite@6cce16f4]" started-at="2024-09-12T06:33:59Z" name="runOnFailure" finished-at="2024-09-12T06:33:59Z" duration-ms="0" status="PASS">
          <params>
            <param index="0">
              <value>
                <![CDATA[[TestResult name=AddPMSCycle status=SUCCESS method=SmokeTestSuite.AddPMSCycle()[pri:2, instance:Test_Suit.SmokeTestSuite@6cce16f4] output={null}]]]>
              </value>
            </param>
          </params>
          <reporter-output>
          </reporter-output>
        </test-method> <!-- runOnFailure -->
        <test-method signature="Initiate_PMSCycle()[pri:3, instance:Test_Suit.SmokeTestSuite@6cce16f4]" started-at="2024-09-12T06:33:59Z" name="Initiate_PMSCycle" finished-at="2024-09-12T06:34:16Z" depends-on-methods="Test_Suit.SmokeTestSuite.AddPMSCycle" duration-ms="17509" status="PASS">
          <reporter-output>
          </reporter-output>
        </test-method> <!-- Initiate_PMSCycle -->
        <test-method is-config="true" signature="runOnFailure(org.testng.ITestResult)[pri:0, instance:Test_Suit.SmokeTestSuite@6cce16f4]" started-at="2024-09-12T06:34:16Z" name="runOnFailure" finished-at="2024-09-12T06:34:16Z" duration-ms="0" status="PASS">
          <params>
            <param index="0">
              <value>
                <![CDATA[[TestResult name=Initiate_PMSCycle status=SUCCESS method=SmokeTestSuite.Initiate_PMSCycle()[pri:3, instance:Test_Suit.SmokeTestSuite@6cce16f4] output={null}]]]>
              </value>
            </param>
          </params>
          <reporter-output>
          </reporter-output>
        </test-method> <!-- runOnFailure -->
        <test-method signature="Manager_AddGoalTo_Emp()[pri:4, instance:Test_Suit.SmokeTestSuite@6cce16f4]" started-at="2024-09-12T06:34:16Z" name="Manager_AddGoalTo_Emp" finished-at="2024-09-12T06:34:44Z" depends-on-methods="Test_Suit.SmokeTestSuite.Initiate_PMSCycle" duration-ms="27634" status="PASS">
          <reporter-output>
          </reporter-output>
        </test-method> <!-- Manager_AddGoalTo_Emp -->
        <test-method is-config="true" signature="runOnFailure(org.testng.ITestResult)[pri:0, instance:Test_Suit.SmokeTestSuite@6cce16f4]" started-at="2024-09-12T06:34:44Z" name="runOnFailure" finished-at="2024-09-12T06:34:44Z" duration-ms="1" status="PASS">
          <params>
            <param index="0">
              <value>
                <![CDATA[[TestResult name=Manager_AddGoalTo_Emp status=SUCCESS method=SmokeTestSuite.Manager_AddGoalTo_Emp()[pri:4, instance:Test_Suit.SmokeTestSuite@6cce16f4] output={null}]]]>
              </value>
            </param>
          </params>
          <reporter-output>
          </reporter-output>
        </test-method> <!-- runOnFailure -->
        <test-method signature="Employee_AssessmentSubmission()[pri:5, instance:Test_Suit.SmokeTestSuite@6cce16f4]" started-at="2024-09-12T06:34:44Z" name="Employee_AssessmentSubmission" finished-at="2024-09-12T06:35:07Z" depends-on-methods="Test_Suit.SmokeTestSuite.Manager_AddGoalTo_Emp" duration-ms="23748" status="PASS">
          <reporter-output>
          </reporter-output>
        </test-method> <!-- Employee_AssessmentSubmission -->
        <test-method signature="Manager_AssessmentSubmissionTo_Skip()[pri:6, instance:Test_Suit.SmokeTestSuite@6cce16f4]" started-at="2024-09-12T06:35:07Z" name="Manager_AssessmentSubmissionTo_Skip" finished-at="2024-09-12T06:35:26Z" depends-on-methods="Test_Suit.SmokeTestSuite.Employee_AssessmentSubmission" duration-ms="18879" status="PASS">
          <reporter-output>
          </reporter-output>
        </test-method> <!-- Manager_AssessmentSubmissionTo_Skip -->
        <test-method is-config="true" signature="runOnFailure(org.testng.ITestResult)[pri:0, instance:Test_Suit.SmokeTestSuite@6cce16f4]" started-at="2024-09-12T06:35:07Z" name="runOnFailure" finished-at="2024-09-12T06:35:07Z" duration-ms="0" status="PASS">
          <params>
            <param index="0">
              <value>
                <![CDATA[[TestResult name=Employee_AssessmentSubmission status=SUCCESS method=SmokeTestSuite.Employee_AssessmentSubmission()[pri:5, instance:Test_Suit.SmokeTestSuite@6cce16f4] output={null}]]]>
              </value>
            </param>
          </params>
          <reporter-output>
          </reporter-output>
        </test-method> <!-- runOnFailure -->
        <test-method is-config="true" signature="runOnFailure(org.testng.ITestResult)[pri:0, instance:Test_Suit.SmokeTestSuite@6cce16f4]" started-at="2024-09-12T06:35:26Z" name="runOnFailure" finished-at="2024-09-12T06:35:26Z" duration-ms="0" status="PASS">
          <params>
            <param index="0">
              <value>
                <![CDATA[[TestResult name=Manager_AssessmentSubmissionTo_Skip status=SUCCESS method=SmokeTestSuite.Manager_AssessmentSubmissionTo_Skip()[pri:6, instance:Test_Suit.SmokeTestSuite@6cce16f4] output={null}]]]>
              </value>
            </param>
          </params>
          <reporter-output>
          </reporter-output>
        </test-method> <!-- runOnFailure -->
        <test-method signature="Skip_Approval()[pri:7, instance:Test_Suit.SmokeTestSuite@6cce16f4]" started-at="2024-09-12T06:35:26Z" name="Skip_Approval" finished-at="2024-09-12T06:35:40Z" depends-on-methods="Test_Suit.SmokeTestSuite.Manager_AssessmentSubmissionTo_Skip" duration-ms="14195" status="PASS">
          <reporter-output>
          </reporter-output>
        </test-method> <!-- Skip_Approval -->
        <test-method signature="OneToOneMeeting_Manager()[pri:8, instance:Test_Suit.SmokeTestSuite@6cce16f4]" started-at="2024-09-12T06:35:40Z" name="OneToOneMeeting_Manager" finished-at="2024-09-12T06:35:58Z" depends-on-methods="Test_Suit.SmokeTestSuite.Skip_Approval" duration-ms="17349" status="PASS">
          <reporter-output>
          </reporter-output>
        </test-method> <!-- OneToOneMeeting_Manager -->
        <test-method is-config="true" signature="runOnFailure(org.testng.ITestResult)[pri:0, instance:Test_Suit.SmokeTestSuite@6cce16f4]" started-at="2024-09-12T06:35:40Z" name="runOnFailure" finished-at="2024-09-12T06:35:40Z" duration-ms="0" status="PASS">
          <params>
            <param index="0">
              <value>
                <![CDATA[[TestResult name=Skip_Approval status=SUCCESS method=SmokeTestSuite.Skip_Approval()[pri:7, instance:Test_Suit.SmokeTestSuite@6cce16f4] output={null}]]]>
              </value>
            </param>
          </params>
          <reporter-output>
          </reporter-output>
        </test-method> <!-- runOnFailure -->
        <test-method signature="OnToOneMeeting_Employee()[pri:9, instance:Test_Suit.SmokeTestSuite@6cce16f4]" started-at="2024-09-12T06:35:58Z" name="OnToOneMeeting_Employee" finished-at="2024-09-12T06:36:10Z" depends-on-methods="Test_Suit.SmokeTestSuite.OneToOneMeeting_Manager" duration-ms="12415" status="PASS">
          <reporter-output>
          </reporter-output>
        </test-method> <!-- OnToOneMeeting_Employee -->
        <test-method is-config="true" signature="runOnFailure(org.testng.ITestResult)[pri:0, instance:Test_Suit.SmokeTestSuite@6cce16f4]" started-at="2024-09-12T06:35:58Z" name="runOnFailure" finished-at="2024-09-12T06:35:58Z" duration-ms="0" status="PASS">
          <params>
            <param index="0">
              <value>
                <![CDATA[[TestResult name=OneToOneMeeting_Manager status=SUCCESS method=SmokeTestSuite.OneToOneMeeting_Manager()[pri:8, instance:Test_Suit.SmokeTestSuite@6cce16f4] output={null}]]]>
              </value>
            </param>
          </params>
          <reporter-output>
          </reporter-output>
        </test-method> <!-- runOnFailure -->
        <test-method is-config="true" signature="runOnFailure(org.testng.ITestResult)[pri:0, instance:Test_Suit.SmokeTestSuite@6cce16f4]" started-at="2024-09-12T06:36:10Z" name="runOnFailure" finished-at="2024-09-12T06:36:10Z" duration-ms="0" status="PASS">
          <params>
            <param index="0">
              <value>
                <![CDATA[[TestResult name=OnToOneMeeting_Employee status=SUCCESS method=SmokeTestSuite.OnToOneMeeting_Employee()[pri:9, instance:Test_Suit.SmokeTestSuite@6cce16f4] output={null}]]]>
              </value>
            </param>
          </params>
          <reporter-output>
          </reporter-output>
        </test-method> <!-- runOnFailure -->
        <test-method signature="Finalize_Emp_Appraisal()[pri:10, instance:Test_Suit.SmokeTestSuite@6cce16f4]" started-at="2024-09-12T06:36:10Z" name="Finalize_Emp_Appraisal" finished-at="2024-09-12T06:36:37Z" depends-on-methods="Test_Suit.SmokeTestSuite.OnToOneMeeting_Employee" duration-ms="26730" status="PASS">
          <reporter-output>
          </reporter-output>
        </test-method> <!-- Finalize_Emp_Appraisal -->
        <test-method signature="Remove_EmployeesFromGoalPlan()[pri:11, instance:Test_Suit.SmokeTestSuite@6cce16f4]" started-at="2024-09-12T06:36:37Z" name="Remove_EmployeesFromGoalPlan" finished-at="2024-09-12T06:37:16Z" duration-ms="38981" status="PASS">
          <reporter-output>
          </reporter-output>
        </test-method> <!-- Remove_EmployeesFromGoalPlan -->
        <test-method is-config="true" signature="runOnFailure(org.testng.ITestResult)[pri:0, instance:Test_Suit.SmokeTestSuite@6cce16f4]" started-at="2024-09-12T06:36:37Z" name="runOnFailure" finished-at="2024-09-12T06:36:37Z" duration-ms="0" status="PASS">
          <params>
            <param index="0">
              <value>
                <![CDATA[[TestResult name=Finalize_Emp_Appraisal status=SUCCESS method=SmokeTestSuite.Finalize_Emp_Appraisal()[pri:10, instance:Test_Suit.SmokeTestSuite@6cce16f4] output={null}]]]>
              </value>
            </param>
          </params>
          <reporter-output>
          </reporter-output>
        </test-method> <!-- runOnFailure -->
        <test-method signature="DeletionOf_PMSCycleAndGoalPlan()[pri:12, instance:Test_Suit.SmokeTestSuite@6cce16f4]" started-at="2024-09-12T06:37:16Z" name="DeletionOf_PMSCycleAndGoalPlan" finished-at="2024-09-12T06:37:42Z" duration-ms="25959" status="PASS">
          <reporter-output>
          </reporter-output>
        </test-method> <!-- DeletionOf_PMSCycleAndGoalPlan -->
        <test-method is-config="true" signature="runOnFailure(org.testng.ITestResult)[pri:0, instance:Test_Suit.SmokeTestSuite@6cce16f4]" started-at="2024-09-12T06:37:16Z" name="runOnFailure" finished-at="2024-09-12T06:37:16Z" duration-ms="0" status="PASS">
          <params>
            <param index="0">
              <value>
                <![CDATA[[TestResult name=Remove_EmployeesFromGoalPlan status=SUCCESS method=SmokeTestSuite.Remove_EmployeesFromGoalPlan()[pri:11, instance:Test_Suit.SmokeTestSuite@6cce16f4] output={null}]]]>
              </value>
            </param>
          </params>
          <reporter-output>
          </reporter-output>
        </test-method> <!-- runOnFailure -->
        <test-method is-config="true" signature="runOnFailure(org.testng.ITestResult)[pri:0, instance:Test_Suit.SmokeTestSuite@6cce16f4]" started-at="2024-09-12T06:37:42Z" name="runOnFailure" finished-at="2024-09-12T06:37:42Z" duration-ms="0" status="PASS">
          <params>
            <param index="0">
              <value>
                <![CDATA[[TestResult name=DeletionOf_PMSCycleAndGoalPlan status=SUCCESS method=SmokeTestSuite.DeletionOf_PMSCycleAndGoalPlan()[pri:12, instance:Test_Suit.SmokeTestSuite@6cce16f4] output={null}]]]>
              </value>
            </param>
          </params>
          <reporter-output>
          </reporter-output>
        </test-method> <!-- runOnFailure -->
        <test-method is-config="true" signature="teardown()[pri:0, instance:Test_Suit.SmokeTestSuite@6cce16f4]" started-at="2024-09-12T06:37:42Z" name="teardown" finished-at="2024-09-12T06:37:43Z" duration-ms="755" status="PASS">
          <reporter-output>
          </reporter-output>
        </test-method> <!-- teardown -->
      </class> <!-- Test_Suit.SmokeTestSuite -->
    </test> <!-- Smoke testing -->
  </suite> <!-- Suite -->
</testng-results>
