<?xml version="1.0" encoding="UTF-8"?>
<testng-results ignored="0" total="16" passed="16" failed="0" skipped="0">
  <reporter-output>
  </reporter-output>
  <suite started-at="2024-06-17T12:20:55Z" name="Default suite" finished-at="2024-06-17T12:21:11Z" duration-ms="15132">
    <groups>
    </groups>
    <test started-at="2024-06-17T12:20:55Z" name="Default test" finished-at="2024-06-17T12:21:11Z" duration-ms="15132">
      <class name="ManagerTestPage.managertestHomePage">
        <test-method is-config="true" signature="setup()[pri:0, instance:ManagerTestPage.managertestHomePage@2d6c53fc]" started-at="2024-06-17T12:20:55Z" name="setup" finished-at="2024-06-17T12:21:08Z" duration-ms="12805" status="PASS">
          <reporter-output>
          </reporter-output>
        </test-method> <!-- setup -->
        <test-method signature="MgrAPPROVED()[pri:0, instance:ManagerTestPage.managertestHomePage@2d6c53fc]" started-at="2024-06-17T12:21:08Z" name="MgrAPPROVED" finished-at="2024-06-17T12:21:08Z" duration-ms="210" status="PASS">
          <reporter-output>
          </reporter-output>
        </test-method> <!-- MgrAPPROVED -->
        <test-method signature="MgrBellcurve()[pri:0, instance:ManagerTestPage.managertestHomePage@2d6c53fc]" started-at="2024-06-17T12:21:08Z" name="MgrBellcurve" finished-at="2024-06-17T12:21:09Z" duration-ms="148" status="PASS">
          <reporter-output>
          </reporter-output>
        </test-method> <!-- MgrBellcurve -->
        <test-method signature="MgrCumulativeReports()[pri:0, instance:ManagerTestPage.managertestHomePage@2d6c53fc]" started-at="2024-06-17T12:21:09Z" name="MgrCumulativeReports" finished-at="2024-06-17T12:21:09Z" duration-ms="160" status="PASS">
          <reporter-output>
          </reporter-output>
        </test-method> <!-- MgrCumulativeReports -->
        <test-method signature="MgrEmployeeSelfReview()[pri:0, instance:ManagerTestPage.managertestHomePage@2d6c53fc]" started-at="2024-06-17T12:21:09Z" name="MgrEmployeeSelfReview" finished-at="2024-06-17T12:21:09Z" duration-ms="92" status="PASS">
          <reporter-output>
          </reporter-output>
        </test-method> <!-- MgrEmployeeSelfReview -->
        <test-method signature="MgrGapAnalysis()[pri:0, instance:ManagerTestPage.managertestHomePage@2d6c53fc]" started-at="2024-06-17T12:21:09Z" name="MgrGapAnalysis" finished-at="2024-06-17T12:21:09Z" duration-ms="110" status="PASS">
          <reporter-output>
          </reporter-output>
        </test-method> <!-- MgrGapAnalysis -->
        <test-method signature="MgrGoalPlan()[pri:0, instance:ManagerTestPage.managertestHomePage@2d6c53fc]" started-at="2024-06-17T12:21:09Z" name="MgrGoalPlan" finished-at="2024-06-17T12:21:09Z" duration-ms="108" status="PASS">
          <reporter-output>
          </reporter-output>
        </test-method> <!-- MgrGoalPlan -->
        <test-method signature="MgrGoalsApproved()[pri:0, instance:ManagerTestPage.managertestHomePage@2d6c53fc]" started-at="2024-06-17T12:21:09Z" name="MgrGoalsApproved" finished-at="2024-06-17T12:21:09Z" duration-ms="78" status="PASS">
          <reporter-output>
          </reporter-output>
        </test-method> <!-- MgrGoalsApproved -->
        <test-method signature="MgrManagerReview()[pri:0, instance:ManagerTestPage.managertestHomePage@2d6c53fc]" started-at="2024-06-17T12:21:09Z" name="MgrManagerReview" finished-at="2024-06-17T12:21:09Z" duration-ms="140" status="PASS">
          <reporter-output>
          </reporter-output>
        </test-method> <!-- MgrManagerReview -->
        <test-method signature="MgrMyTeamsPMSworkflowcompletedstatus()[pri:0, instance:ManagerTestPage.managertestHomePage@2d6c53fc]" started-at="2024-06-17T12:21:09Z" name="MgrMyTeamsPMSworkflowcompletedstatus" finished-at="2024-06-17T12:21:09Z" duration-ms="77" status="PASS">
          <reporter-output>
          </reporter-output>
        </test-method> <!-- MgrMyTeamsPMSworkflowcompletedstatus -->
        <test-method signature="MgrOverallPMSReport()[pri:0, instance:ManagerTestPage.managertestHomePage@2d6c53fc]" started-at="2024-06-17T12:21:09Z" name="MgrOverallPMSReport" finished-at="2024-06-17T12:21:09Z" duration-ms="92" status="PASS">
          <reporter-output>
          </reporter-output>
        </test-method> <!-- MgrOverallPMSReport -->
        <test-method signature="MgrREJECTED()[pri:0, instance:ManagerTestPage.managertestHomePage@2d6c53fc]" started-at="2024-06-17T12:21:09Z" name="MgrREJECTED" finished-at="2024-06-17T12:21:10Z" duration-ms="77" status="PASS">
          <reporter-output>
          </reporter-output>
        </test-method> <!-- MgrREJECTED -->
        <test-method signature="MgrSKIPLEVELREVIEW()[pri:0, instance:ManagerTestPage.managertestHomePage@2d6c53fc]" started-at="2024-06-17T12:21:10Z" name="MgrSKIPLEVELREVIEW" finished-at="2024-06-17T12:21:10Z" duration-ms="78" status="PASS">
          <reporter-output>
          </reporter-output>
        </test-method> <!-- MgrSKIPLEVELREVIEW -->
        <test-method signature="MgrSUBMITTEDUNDERAUTHORIZATION()[pri:0, instance:ManagerTestPage.managertestHomePage@2d6c53fc]" started-at="2024-06-17T12:21:10Z" name="MgrSUBMITTEDUNDERAUTHORIZATION" finished-at="2024-06-17T12:21:10Z" duration-ms="108" status="PASS">
          <reporter-output>
          </reporter-output>
        </test-method> <!-- MgrSUBMITTEDUNDERAUTHORIZATION -->
        <test-method signature="MgrTeamIDPs()[pri:0, instance:ManagerTestPage.managertestHomePage@2d6c53fc]" started-at="2024-06-17T12:21:10Z" name="MgrTeamIDPs" finished-at="2024-06-17T12:21:10Z" duration-ms="76" status="PASS">
          <reporter-output>
          </reporter-output>
        </test-method> <!-- MgrTeamIDPs -->
        <test-method signature="MgrTotalReviewCycleInitiated()[pri:0, instance:ManagerTestPage.managertestHomePage@2d6c53fc]" started-at="2024-06-17T12:21:10Z" name="MgrTotalReviewCycleInitiated" finished-at="2024-06-17T12:21:10Z" duration-ms="91" status="PASS">
          <reporter-output>
          </reporter-output>
        </test-method> <!-- MgrTotalReviewCycleInitiated -->
        <test-method signature="YETTOSUBMIT()[pri:0, instance:ManagerTestPage.managertestHomePage@2d6c53fc]" started-at="2024-06-17T12:21:10Z" name="YETTOSUBMIT" finished-at="2024-06-17T12:21:10Z" duration-ms="76" status="PASS">
          <reporter-output>
          </reporter-output>
        </test-method> <!-- YETTOSUBMIT -->
        <test-method is-config="true" signature="tearDown()[pri:0, instance:ManagerTestPage.managertestHomePage@2d6c53fc]" started-at="2024-06-17T12:21:10Z" name="tearDown" finished-at="2024-06-17T12:21:11Z" duration-ms="563" status="PASS">
          <reporter-output>
          </reporter-output>
        </test-method> <!-- tearDown -->
      </class> <!-- ManagerTestPage.managertestHomePage -->
    </test> <!-- Default test -->
  </suite> <!-- Default suite -->
</testng-results>
