<?xml version="1.0" encoding="UTF-8"?>
<testng-results ignored="0" total="1" passed="1" failed="0" skipped="0">
  <reporter-output>
  </reporter-output>
  <suite started-at="2024-07-01T11:44:29Z" name="Default suite" finished-at="2024-07-01T11:45:41Z" duration-ms="71363">
    <groups>
    </groups>
    <test started-at="2024-07-01T11:44:29Z" name="Default test" finished-at="2024-07-01T11:45:41Z" duration-ms="71363">
      <class name="normalFlowTest.addGoalPla_CreatePMSCycleTest">
        <test-method is-config="true" signature="setUp()[pri:0, instance:normalFlowTest.addGoalPla_CreatePMSCycleTest@3148f668]" started-at="2024-07-01T11:44:29Z" name="setUp" finished-at="2024-07-01T11:44:45Z" duration-ms="15710" status="PASS">
          <reporter-output>
          </reporter-output>
        </test-method> <!-- setUp -->
        <test-method signature="selectGoalCycle()[pri:5, instance:normalFlowTest.addGoalPla_CreatePMSCycleTest@3148f668]" started-at="2024-07-01T11:44:45Z" name="selectGoalCycle" finished-at="2024-07-01T11:45:40Z" duration-ms="54838" status="PASS">
          <reporter-output>
          </reporter-output>
        </test-method> <!-- selectGoalCycle -->
        <test-method is-config="true" signature="tearDown()[pri:0, instance:normalFlowTest.addGoalPla_CreatePMSCycleTest@3148f668]" started-at="2024-07-01T11:45:40Z" name="tearDown" finished-at="2024-07-01T11:45:41Z" duration-ms="772" status="PASS">
          <reporter-output>
          </reporter-output>
        </test-method> <!-- tearDown -->
      </class> <!-- normalFlowTest.addGoalPla_CreatePMSCycleTest -->
    </test> <!-- Default test -->
  </suite> <!-- Default suite -->
</testng-results>
