<?xml version="1.0" encoding="UTF-8"?>
<testng-results ignored="0" total="6" passed="6" failed="0" skipped="0">
  <reporter-output>
  </reporter-output>
  <suite started-at="2024-07-29T10:50:13Z" name="Suite" finished-at="2024-07-29T10:53:33Z" duration-ms="200370">
    <groups>
    </groups>
    <test started-at="2024-07-29T10:50:13Z" name="AddGoalPlan" finished-at="2024-07-29T10:51:38Z" duration-ms="84840">
      <class name="normalFlowTest.addGoalPla_CreatePMSCycleTest">
        <test-method is-config="true" signature="setUp()[pri:0, instance:normalFlowTest.addGoalPla_CreatePMSCycleTest@70f02c32]" started-at="2024-07-29T10:50:13Z" name="setUp" finished-at="2024-07-29T10:50:24Z" duration-ms="11208" status="PASS">
          <reporter-output>
          </reporter-output>
        </test-method> <!-- setUp -->
        <test-method signature="testAddGoalPlan()[pri:1, instance:normalFlowTest.addGoalPla_CreatePMSCycleTest@70f02c32]" started-at="2024-07-29T10:50:24Z" name="testAddGoalPlan" finished-at="2024-07-29T10:50:59Z" duration-ms="34391" status="PASS">
          <reporter-output>
          </reporter-output>
        </test-method> <!-- testAddGoalPlan -->
        <test-method signature="testAddPMSCycle()[pri:2, instance:normalFlowTest.addGoalPla_CreatePMSCycleTest@70f02c32]" started-at="2024-07-29T10:50:59Z" name="testAddPMSCycle" finished-at="2024-07-29T10:51:14Z" duration-ms="15726" status="PASS">
          <reporter-output>
          </reporter-output>
        </test-method> <!-- testAddPMSCycle -->
        <test-method signature="testinitiatePMSCycle()[pri:3, instance:normalFlowTest.addGoalPla_CreatePMSCycleTest@70f02c32]" started-at="2024-07-29T10:51:14Z" name="testinitiatePMSCycle" finished-at="2024-07-29T10:51:37Z" duration-ms="22896" status="PASS">
          <reporter-output>
          </reporter-output>
        </test-method> <!-- testinitiatePMSCycle -->
        <test-method is-config="true" signature="tearDown()[pri:0, instance:normalFlowTest.addGoalPla_CreatePMSCycleTest@70f02c32]" started-at="2024-07-29T10:51:37Z" name="tearDown" finished-at="2024-07-29T10:51:38Z" duration-ms="596" status="PASS">
          <reporter-output>
          </reporter-output>
        </test-method> <!-- tearDown -->
      </class> <!-- normalFlowTest.addGoalPla_CreatePMSCycleTest -->
    </test> <!-- AddGoalPlan -->
    <test started-at="2024-07-29T10:51:38Z" name="MangerFlow" finished-at="2024-07-29T10:52:27Z" duration-ms="48926">
      <class name="normalFlowTest.managerFlow_Test">
        <test-method is-config="true" signature="setUp()[pri:0, instance:normalFlowTest.managerFlow_Test@2bb3058]" started-at="2024-07-29T10:51:38Z" name="setUp" finished-at="2024-07-29T10:51:49Z" duration-ms="11415" status="PASS">
          <reporter-output>
          </reporter-output>
        </test-method> <!-- setUp -->
        <test-method signature="empSelf()[pri:1, instance:normalFlowTest.managerFlow_Test@2bb3058]" started-at="2024-07-29T10:51:49Z" name="empSelf" finished-at="2024-07-29T10:52:26Z" duration-ms="36915" status="PASS">
          <reporter-output>
          </reporter-output>
        </test-method> <!-- empSelf -->
        <test-method is-config="true" signature="tearDown()[pri:0, instance:normalFlowTest.managerFlow_Test@2bb3058]" started-at="2024-07-29T10:52:26Z" name="tearDown" finished-at="2024-07-29T10:52:27Z" duration-ms="596" status="PASS">
          <reporter-output>
          </reporter-output>
        </test-method> <!-- tearDown -->
      </class> <!-- normalFlowTest.managerFlow_Test -->
    </test> <!-- MangerFlow -->
    <test started-at="2024-07-29T10:52:27Z" name="EmployeeFlow" finished-at="2024-07-29T10:52:51Z" duration-ms="24012">
      <class name="normalFlowTest.employeeFlow_Test">
        <test-method is-config="true" signature="setUp()[pri:0, instance:normalFlowTest.employeeFlow_Test@1800a575]" started-at="2024-07-29T10:52:27Z" name="setUp" finished-at="2024-07-29T10:52:38Z" duration-ms="11440" status="PASS">
          <reporter-output>
          </reporter-output>
        </test-method> <!-- setUp -->
        <test-method signature="selectGoalCycle()[pri:1, instance:normalFlowTest.employeeFlow_Test@1800a575]" started-at="2024-07-29T10:52:38Z" name="selectGoalCycle" finished-at="2024-07-29T10:52:49Z" duration-ms="10513" status="PASS">
          <reporter-output>
          </reporter-output>
        </test-method> <!-- selectGoalCycle -->
        <test-method is-config="true" signature="tearDown()[pri:0, instance:normalFlowTest.employeeFlow_Test@1800a575]" started-at="2024-07-29T10:52:49Z" name="tearDown" finished-at="2024-07-29T10:52:51Z" duration-ms="2058" status="PASS">
          <reporter-output>
          </reporter-output>
        </test-method> <!-- tearDown -->
      </class> <!-- normalFlowTest.employeeFlow_Test -->
    </test> <!-- EmployeeFlow -->
    <test started-at="2024-07-29T10:52:51Z" name="manager_Sumitt_Assesment_To_Skip_Test" finished-at="2024-07-29T10:53:33Z" duration-ms="42497">
      <class name="normalFlowTest.manager_Sumitt_Assesment_To_Skip_Test">
        <test-method is-config="true" signature="setUp()[pri:0, instance:normalFlowTest.manager_Sumitt_Assesment_To_Skip_Test@2fd953a6]" started-at="2024-07-29T10:52:51Z" name="setUp" finished-at="2024-07-29T10:53:21Z" duration-ms="29568" status="PASS">
          <reporter-output>
          </reporter-output>
        </test-method> <!-- setUp -->
        <test-method signature="select_Emp()[pri:1, instance:normalFlowTest.manager_Sumitt_Assesment_To_Skip_Test@2fd953a6]" started-at="2024-07-29T10:53:21Z" name="select_Emp" finished-at="2024-07-29T10:53:33Z" duration-ms="12408" status="PASS">
          <reporter-output>
          </reporter-output>
        </test-method> <!-- select_Emp -->
        <test-method is-config="true" signature="tearDown()[pri:0, instance:normalFlowTest.manager_Sumitt_Assesment_To_Skip_Test@2fd953a6]" started-at="2024-07-29T10:53:33Z" name="tearDown" finished-at="2024-07-29T10:53:33Z" duration-ms="520" status="PASS">
          <reporter-output>
          </reporter-output>
        </test-method> <!-- tearDown -->
      </class> <!-- normalFlowTest.manager_Sumitt_Assesment_To_Skip_Test -->
    </test> <!-- manager_Sumitt_Assesment_To_Skip_Test -->
  </suite> <!-- Suite -->
</testng-results>
