<?xml version="1.0" encoding="UTF-8"?>
<testng-results ignored="0" total="21" passed="21" failed="0" skipped="0">
  <reporter-output>
  </reporter-output>
  <suite started-at="2024-06-05T07:34:14Z" name="Default suite" finished-at="2024-06-05T07:34:32Z" duration-ms="18406">
    <groups>
    </groups>
    <test started-at="2024-06-05T07:34:14Z" name="Default test" finished-at="2024-06-05T07:34:32Z" duration-ms="18406">
      <class name="Mytestpackage.Homepagetest">
        <test-method is-config="true" signature="setup()[pri:0, instance:Mytestpackage.Homepagetest@3148f668]" started-at="2024-06-05T07:34:14Z" name="setup" finished-at="2024-06-05T07:34:28Z" duration-ms="14493" status="PASS">
          <reporter-output>
          </reporter-output>
        </test-method> <!-- setup -->
        <test-method signature="Emp360feedback()[pri:0, instance:Mytestpackage.Homepagetest@3148f668]" started-at="2024-06-05T07:34:28Z" name="Emp360feedback" finished-at="2024-06-05T07:34:28Z" duration-ms="125" status="PASS">
          <reporter-output>
          </reporter-output>
        </test-method> <!-- Emp360feedback -->
        <test-method signature="EmpADDNEWKRA()[pri:0, instance:Mytestpackage.Homepagetest@3148f668]" started-at="2024-06-05T07:34:28Z" name="EmpADDNEWKRA" finished-at="2024-06-05T07:34:28Z" duration-ms="98" status="PASS">
          <reporter-output>
          </reporter-output>
        </test-method> <!-- EmpADDNEWKRA -->
        <test-method signature="EmpASSIGNEDBY()[pri:0, instance:Mytestpackage.Homepagetest@3148f668]" started-at="2024-06-05T07:34:28Z" name="EmpASSIGNEDBY" finished-at="2024-06-05T07:34:28Z" duration-ms="109" status="PASS">
          <reporter-output>
          </reporter-output>
        </test-method> <!-- EmpASSIGNEDBY -->
        <test-method signature="EmpActions()[pri:0, instance:Mytestpackage.Homepagetest@3148f668]" started-at="2024-06-05T07:34:28Z" name="EmpActions" finished-at="2024-06-05T07:34:29Z" duration-ms="92" status="PASS">
          <reporter-output>
          </reporter-output>
        </test-method> <!-- EmpActions -->
        <test-method signature="EmpAtRisk()[pri:0, instance:Mytestpackage.Homepagetest@3148f668]" started-at="2024-06-05T07:34:29Z" name="EmpAtRisk" finished-at="2024-06-05T07:34:29Z" duration-ms="93" status="PASS">
          <reporter-output>
          </reporter-output>
        </test-method> <!-- EmpAtRisk -->
        <test-method signature="EmpBehind()[pri:0, instance:Mytestpackage.Homepagetest@3148f668]" started-at="2024-06-05T07:34:29Z" name="EmpBehind" finished-at="2024-06-05T07:34:29Z" duration-ms="95" status="PASS">
          <reporter-output>
          </reporter-output>
        </test-method> <!-- EmpBehind -->
        <test-method signature="EmpClosed()[pri:0, instance:Mytestpackage.Homepagetest@3148f668]" started-at="2024-06-05T07:34:29Z" name="EmpClosed" finished-at="2024-06-05T07:34:29Z" duration-ms="91" status="PASS">
          <reporter-output>
          </reporter-output>
        </test-method> <!-- EmpClosed -->
        <test-method signature="EmpCumulativeReports()[pri:0, instance:Mytestpackage.Homepagetest@3148f668]" started-at="2024-06-05T07:34:29Z" name="EmpCumulativeReports" finished-at="2024-06-05T07:34:29Z" duration-ms="109" status="PASS">
          <reporter-output>
          </reporter-output>
        </test-method> <!-- EmpCumulativeReports -->
        <test-method signature="EmpLogOut()[pri:0, instance:Mytestpackage.Homepagetest@3148f668]" started-at="2024-06-05T07:34:29Z" name="EmpLogOut" finished-at="2024-06-05T07:34:29Z" duration-ms="299" status="PASS">
          <reporter-output>
          </reporter-output>
        </test-method> <!-- EmpLogOut -->
        <test-method signature="EmpMYGoal()[pri:0, instance:Mytestpackage.Homepagetest@3148f668]" started-at="2024-06-05T07:34:29Z" name="EmpMYGoal" finished-at="2024-06-05T07:34:29Z" duration-ms="107" status="PASS">
          <reporter-output>
          </reporter-output>
        </test-method> <!-- EmpMYGoal -->
        <test-method signature="EmpNotApproved()[pri:0, instance:Mytestpackage.Homepagetest@3148f668]" started-at="2024-06-05T07:34:29Z" name="EmpNotApproved" finished-at="2024-06-05T07:34:29Z" duration-ms="111" status="PASS">
          <reporter-output>
          </reporter-output>
        </test-method> <!-- EmpNotApproved -->
        <test-method signature="EmpNotStarted()[pri:0, instance:Mytestpackage.Homepagetest@3148f668]" started-at="2024-06-05T07:34:29Z" name="EmpNotStarted" finished-at="2024-06-05T07:34:30Z" duration-ms="103" status="PASS">
          <reporter-output>
          </reporter-output>
        </test-method> <!-- EmpNotStarted -->
        <test-method signature="EmpOnTrack()[pri:0, instance:Mytestpackage.Homepagetest@3148f668]" started-at="2024-06-05T07:34:30Z" name="EmpOnTrack" finished-at="2024-06-05T07:34:30Z" duration-ms="218" status="PASS">
          <reporter-output>
          </reporter-output>
        </test-method> <!-- EmpOnTrack -->
        <test-method signature="EmpPROGRESSSCORE()[pri:0, instance:Mytestpackage.Homepagetest@3148f668]" started-at="2024-06-05T07:34:30Z" name="EmpPROGRESSSCORE" finished-at="2024-06-05T07:34:30Z" duration-ms="121" status="PASS">
          <reporter-output>
          </reporter-output>
        </test-method> <!-- EmpPROGRESSSCORE -->
        <test-method signature="EmpPolicyDocs()[pri:0, instance:Mytestpackage.Homepagetest@3148f668]" started-at="2024-06-05T07:34:30Z" name="EmpPolicyDocs" finished-at="2024-06-05T07:34:30Z" duration-ms="450" status="PASS">
          <reporter-output>
          </reporter-output>
        </test-method> <!-- EmpPolicyDocs -->
        <test-method signature="EmpPostponed()[pri:0, instance:Mytestpackage.Homepagetest@3148f668]" started-at="2024-06-05T07:34:30Z" name="EmpPostponed" finished-at="2024-06-05T07:34:31Z" duration-ms="196" status="PASS">
          <reporter-output>
          </reporter-output>
        </test-method> <!-- EmpPostponed -->
        <test-method signature="EmpProfileSettings()[pri:0, instance:Mytestpackage.Homepagetest@3148f668]" started-at="2024-06-05T07:34:31Z" name="EmpProfileSettings" finished-at="2024-06-05T07:34:31Z" duration-ms="333" status="PASS">
          <reporter-output>
          </reporter-output>
        </test-method> <!-- EmpProfileSettings -->
        <test-method signature="EmpTotal()[pri:0, instance:Mytestpackage.Homepagetest@3148f668]" started-at="2024-06-05T07:34:31Z" name="EmpTotal" finished-at="2024-06-05T07:34:31Z" duration-ms="65" status="PASS">
          <reporter-output>
          </reporter-output>
        </test-method> <!-- EmpTotal -->
        <test-method signature="EmpstatusTest()[pri:0, instance:Mytestpackage.Homepagetest@3148f668]" started-at="2024-06-05T07:34:31Z" name="EmpstatusTest" finished-at="2024-06-05T07:34:31Z" duration-ms="175" status="PASS">
          <reporter-output>
          </reporter-output>
        </test-method> <!-- EmpstatusTest -->
        <test-method signature="SubmitSelfAssessment()[pri:0, instance:Mytestpackage.Homepagetest@3148f668]" started-at="2024-06-05T07:34:31Z" name="SubmitSelfAssessment" finished-at="2024-06-05T07:34:31Z" duration-ms="104" status="PASS">
          <reporter-output>
          </reporter-output>
        </test-method> <!-- SubmitSelfAssessment -->
        <test-method signature="empgreetings()[pri:0, instance:Mytestpackage.Homepagetest@3148f668]" started-at="2024-06-05T07:34:31Z" name="empgreetings" finished-at="2024-06-05T07:34:31Z" duration-ms="141" status="PASS">
          <reporter-output>
          </reporter-output>
        </test-method> <!-- empgreetings -->
        <test-method is-config="true" signature="tearDown()[pri:0, instance:Mytestpackage.Homepagetest@3148f668]" started-at="2024-06-05T07:34:31Z" name="tearDown" finished-at="2024-06-05T07:34:32Z" duration-ms="636" status="PASS">
          <reporter-output>
          </reporter-output>
        </test-method> <!-- tearDown -->
      </class> <!-- Mytestpackage.Homepagetest -->
    </test> <!-- Default test -->
  </suite> <!-- Default suite -->
</testng-results>
