<?xml version="1.0" encoding="UTF-8"?>
<testng-results ignored="0" total="12" passed="12" failed="0" skipped="0">
  <reporter-output>
  </reporter-output>
  <suite started-at="2025-08-08T13:10:35Z" name="Default suite" finished-at="2025-08-08T13:19:29Z" duration-ms="534042">
    <groups>
    </groups>
    <test started-at="2025-08-08T13:10:35Z" name="Default test" finished-at="2025-08-08T13:19:29Z" duration-ms="534042">
      <class name="Test_Suit.SmokeTestSuite">
        <test-method is-config="true" signature="setUp()[pri:0, instance:Test_Suit.SmokeTestSuite@16150369]" started-at="2025-08-08T13:10:35Z" name="setUp" finished-at="2025-08-08T13:10:58Z" duration-ms="22555" status="PASS">
          <reporter-output>
          </reporter-output>
        </test-method> <!-- setUp -->
        <test-method signature="AddGoalPlan()[pri:1, instance:Test_Suit.SmokeTestSuite@16150369]" started-at="2025-08-08T13:10:58Z" name="AddGoalPlan" finished-at="2025-08-08T13:11:45Z" duration-ms="46692" status="PASS">
          <reporter-output>
          </reporter-output>
        </test-method> <!-- AddGoalPlan -->
        <test-method is-config="true" signature="runOnFailure(org.testng.ITestResult)[pri:0, instance:Test_Suit.SmokeTestSuite@16150369]" started-at="2025-08-08T13:11:45Z" name="runOnFailure" finished-at="2025-08-08T13:11:45Z" duration-ms="2" status="PASS">
          <params>
            <param index="0">
              <value>
                <![CDATA[[TestResult name=AddGoalPlan status=SUCCESS method=SmokeTestSuite.AddGoalPlan()[pri:1, instance:Test_Suit.SmokeTestSuite@16150369] output={null}]]]>
              </value>
            </param>
          </params>
          <reporter-output>
          </reporter-output>
        </test-method> <!-- runOnFailure -->
        <test-method signature="AddPMSCycle()[pri:2, instance:Test_Suit.SmokeTestSuite@16150369]" started-at="2025-08-08T13:11:45Z" name="AddPMSCycle" finished-at="2025-08-08T13:12:06Z" depends-on-methods="Test_Suit.SmokeTestSuite.AddGoalPlan" duration-ms="21458" status="PASS">
          <reporter-output>
          </reporter-output>
        </test-method> <!-- AddPMSCycle -->
        <test-method is-config="true" signature="runOnFailure(org.testng.ITestResult)[pri:0, instance:Test_Suit.SmokeTestSuite@16150369]" started-at="2025-08-08T13:12:06Z" name="runOnFailure" finished-at="2025-08-08T13:12:06Z" duration-ms="0" status="PASS">
          <params>
            <param index="0">
              <value>
                <![CDATA[[TestResult name=AddPMSCycle status=SUCCESS method=SmokeTestSuite.AddPMSCycle()[pri:2, instance:Test_Suit.SmokeTestSuite@16150369] output={null}]]]>
              </value>
            </param>
          </params>
          <reporter-output>
          </reporter-output>
        </test-method> <!-- runOnFailure -->
        <test-method signature="Initiate_PMSCycle()[pri:3, instance:Test_Suit.SmokeTestSuite@16150369]" started-at="2025-08-08T13:12:06Z" name="Initiate_PMSCycle" finished-at="2025-08-08T13:12:15Z" depends-on-methods="Test_Suit.SmokeTestSuite.AddPMSCycle" duration-ms="9269" status="PASS">
          <reporter-output>
          </reporter-output>
        </test-method> <!-- Initiate_PMSCycle -->
        <test-method is-config="true" signature="runOnFailure(org.testng.ITestResult)[pri:0, instance:Test_Suit.SmokeTestSuite@16150369]" started-at="2025-08-08T13:12:16Z" name="runOnFailure" finished-at="2025-08-08T13:12:16Z" duration-ms="1" status="PASS">
          <params>
            <param index="0">
              <value>
                <![CDATA[[TestResult name=Initiate_PMSCycle status=SUCCESS method=SmokeTestSuite.Initiate_PMSCycle()[pri:3, instance:Test_Suit.SmokeTestSuite@16150369] output={null}]]]>
              </value>
            </param>
          </params>
          <reporter-output>
          </reporter-output>
        </test-method> <!-- runOnFailure -->
        <test-method signature="Manager_AddGoalTo_Emp()[pri:4, instance:Test_Suit.SmokeTestSuite@16150369]" started-at="2025-08-08T13:12:16Z" name="Manager_AddGoalTo_Emp" finished-at="2025-08-08T13:13:34Z" depends-on-methods="Test_Suit.SmokeTestSuite.Initiate_PMSCycle" duration-ms="78864" status="PASS">
          <reporter-output>
          </reporter-output>
        </test-method> <!-- Manager_AddGoalTo_Emp -->
        <test-method is-config="true" signature="runOnFailure(org.testng.ITestResult)[pri:0, instance:Test_Suit.SmokeTestSuite@16150369]" started-at="2025-08-08T13:13:34Z" name="runOnFailure" finished-at="2025-08-08T13:13:34Z" duration-ms="0" status="PASS">
          <params>
            <param index="0">
              <value>
                <![CDATA[[TestResult name=Manager_AddGoalTo_Emp status=SUCCESS method=SmokeTestSuite.Manager_AddGoalTo_Emp()[pri:4, instance:Test_Suit.SmokeTestSuite@16150369] output={null}]]]>
              </value>
            </param>
          </params>
          <reporter-output>
          </reporter-output>
        </test-method> <!-- runOnFailure -->
        <test-method signature="Employee_AssessmentSubmission()[pri:5, instance:Test_Suit.SmokeTestSuite@16150369]" started-at="2025-08-08T13:13:34Z" name="Employee_AssessmentSubmission" finished-at="2025-08-08T13:14:21Z" depends-on-methods="Test_Suit.SmokeTestSuite.Manager_AddGoalTo_Emp" duration-ms="46687" status="PASS">
          <reporter-output>
          </reporter-output>
        </test-method> <!-- Employee_AssessmentSubmission -->
        <test-method is-config="true" signature="runOnFailure(org.testng.ITestResult)[pri:0, instance:Test_Suit.SmokeTestSuite@16150369]" started-at="2025-08-08T13:14:21Z" name="runOnFailure" finished-at="2025-08-08T13:14:21Z" duration-ms="3" status="PASS">
          <params>
            <param index="0">
              <value>
                <![CDATA[[TestResult name=Employee_AssessmentSubmission status=SUCCESS method=SmokeTestSuite.Employee_AssessmentSubmission()[pri:5, instance:Test_Suit.SmokeTestSuite@16150369] output={null}]]]>
              </value>
            </param>
          </params>
          <reporter-output>
          </reporter-output>
        </test-method> <!-- runOnFailure -->
        <test-method signature="Manager_AssessmentSubmissionTo_Skip()[pri:6, instance:Test_Suit.SmokeTestSuite@16150369]" started-at="2025-08-08T13:14:21Z" name="Manager_AssessmentSubmissionTo_Skip" finished-at="2025-08-08T13:15:14Z" depends-on-methods="Test_Suit.SmokeTestSuite.Employee_AssessmentSubmission" duration-ms="52562" status="PASS">
          <reporter-output>
          </reporter-output>
        </test-method> <!-- Manager_AssessmentSubmissionTo_Skip -->
        <test-method is-config="true" signature="runOnFailure(org.testng.ITestResult)[pri:0, instance:Test_Suit.SmokeTestSuite@16150369]" started-at="2025-08-08T13:15:14Z" name="runOnFailure" finished-at="2025-08-08T13:15:14Z" duration-ms="0" status="PASS">
          <params>
            <param index="0">
              <value>
                <![CDATA[[TestResult name=Manager_AssessmentSubmissionTo_Skip status=SUCCESS method=SmokeTestSuite.Manager_AssessmentSubmissionTo_Skip()[pri:6, instance:Test_Suit.SmokeTestSuite@16150369] output={null}]]]>
              </value>
            </param>
          </params>
          <reporter-output>
          </reporter-output>
        </test-method> <!-- runOnFailure -->
        <test-method signature="Skip_Approval()[pri:7, instance:Test_Suit.SmokeTestSuite@16150369]" started-at="2025-08-08T13:15:14Z" name="Skip_Approval" finished-at="2025-08-08T13:15:47Z" depends-on-methods="Test_Suit.SmokeTestSuite.Manager_AssessmentSubmissionTo_Skip" duration-ms="33646" status="PASS">
          <reporter-output>
          </reporter-output>
        </test-method> <!-- Skip_Approval -->
        <test-method is-config="true" signature="runOnFailure(org.testng.ITestResult)[pri:0, instance:Test_Suit.SmokeTestSuite@16150369]" started-at="2025-08-08T13:15:47Z" name="runOnFailure" finished-at="2025-08-08T13:15:47Z" duration-ms="1" status="PASS">
          <params>
            <param index="0">
              <value>
                <![CDATA[[TestResult name=Skip_Approval status=SUCCESS method=SmokeTestSuite.Skip_Approval()[pri:7, instance:Test_Suit.SmokeTestSuite@16150369] output={null}]]]>
              </value>
            </param>
          </params>
          <reporter-output>
          </reporter-output>
        </test-method> <!-- runOnFailure -->
        <test-method signature="OneToOneMeeting_Manager()[pri:8, instance:Test_Suit.SmokeTestSuite@16150369]" started-at="2025-08-08T13:15:47Z" name="OneToOneMeeting_Manager" finished-at="2025-08-08T13:16:23Z" depends-on-methods="Test_Suit.SmokeTestSuite.Skip_Approval" duration-ms="35308" status="PASS">
          <reporter-output>
          </reporter-output>
        </test-method> <!-- OneToOneMeeting_Manager -->
        <test-method is-config="true" signature="runOnFailure(org.testng.ITestResult)[pri:0, instance:Test_Suit.SmokeTestSuite@16150369]" started-at="2025-08-08T13:16:23Z" name="runOnFailure" finished-at="2025-08-08T13:16:23Z" duration-ms="0" status="PASS">
          <params>
            <param index="0">
              <value>
                <![CDATA[[TestResult name=OneToOneMeeting_Manager status=SUCCESS method=SmokeTestSuite.OneToOneMeeting_Manager()[pri:8, instance:Test_Suit.SmokeTestSuite@16150369] output={null}]]]>
              </value>
            </param>
          </params>
          <reporter-output>
          </reporter-output>
        </test-method> <!-- runOnFailure -->
        <test-method signature="OnToOneMeeting_Employee()[pri:9, instance:Test_Suit.SmokeTestSuite@16150369]" started-at="2025-08-08T13:16:23Z" name="OnToOneMeeting_Employee" finished-at="2025-08-08T13:16:47Z" depends-on-methods="Test_Suit.SmokeTestSuite.OneToOneMeeting_Manager" duration-ms="24479" status="PASS">
          <reporter-output>
          </reporter-output>
        </test-method> <!-- OnToOneMeeting_Employee -->
        <test-method is-config="true" signature="runOnFailure(org.testng.ITestResult)[pri:0, instance:Test_Suit.SmokeTestSuite@16150369]" started-at="2025-08-08T13:16:47Z" name="runOnFailure" finished-at="2025-08-08T13:16:47Z" duration-ms="0" status="PASS">
          <params>
            <param index="0">
              <value>
                <![CDATA[[TestResult name=OnToOneMeeting_Employee status=SUCCESS method=SmokeTestSuite.OnToOneMeeting_Employee()[pri:9, instance:Test_Suit.SmokeTestSuite@16150369] output={null}]]]>
              </value>
            </param>
          </params>
          <reporter-output>
          </reporter-output>
        </test-method> <!-- runOnFailure -->
        <test-method signature="Finalize_Emp_Appraisal()[pri:10, instance:Test_Suit.SmokeTestSuite@16150369]" started-at="2025-08-08T13:16:47Z" name="Finalize_Emp_Appraisal" finished-at="2025-08-08T13:17:28Z" depends-on-methods="Test_Suit.SmokeTestSuite.OnToOneMeeting_Employee" duration-ms="41049" status="PASS">
          <reporter-output>
          </reporter-output>
        </test-method> <!-- Finalize_Emp_Appraisal -->
        <test-method is-config="true" signature="runOnFailure(org.testng.ITestResult)[pri:0, instance:Test_Suit.SmokeTestSuite@16150369]" started-at="2025-08-08T13:17:28Z" name="runOnFailure" finished-at="2025-08-08T13:17:28Z" duration-ms="1" status="PASS">
          <params>
            <param index="0">
              <value>
                <![CDATA[[TestResult name=Finalize_Emp_Appraisal status=SUCCESS method=SmokeTestSuite.Finalize_Emp_Appraisal()[pri:10, instance:Test_Suit.SmokeTestSuite@16150369] output={null}]]]>
              </value>
            </param>
          </params>
          <reporter-output>
          </reporter-output>
        </test-method> <!-- runOnFailure -->
        <test-method signature="Remove_EmployeesFromGoalPlan()[pri:11, instance:Test_Suit.SmokeTestSuite@16150369]" started-at="2025-08-08T13:17:28Z" name="Remove_EmployeesFromGoalPlan" finished-at="2025-08-08T13:18:56Z" duration-ms="87470" status="PASS">
          <reporter-output>
          </reporter-output>
        </test-method> <!-- Remove_EmployeesFromGoalPlan -->
        <test-method is-config="true" signature="runOnFailure(org.testng.ITestResult)[pri:0, instance:Test_Suit.SmokeTestSuite@16150369]" started-at="2025-08-08T13:18:56Z" name="runOnFailure" finished-at="2025-08-08T13:18:56Z" duration-ms="1" status="PASS">
          <params>
            <param index="0">
              <value>
                <![CDATA[[TestResult name=Remove_EmployeesFromGoalPlan status=SUCCESS method=SmokeTestSuite.Remove_EmployeesFromGoalPlan()[pri:11, instance:Test_Suit.SmokeTestSuite@16150369] output={null}]]]>
              </value>
            </param>
          </params>
          <reporter-output>
          </reporter-output>
        </test-method> <!-- runOnFailure -->
        <test-method signature="DeletionOf_PMSCycleAndGoalPlan()[pri:12, instance:Test_Suit.SmokeTestSuite@16150369]" started-at="2025-08-08T13:18:56Z" name="DeletionOf_PMSCycleAndGoalPlan" finished-at="2025-08-08T13:19:29Z" duration-ms="32950" status="PASS">
          <reporter-output>
          </reporter-output>
        </test-method> <!-- DeletionOf_PMSCycleAndGoalPlan -->
        <test-method is-config="true" signature="runOnFailure(org.testng.ITestResult)[pri:0, instance:Test_Suit.SmokeTestSuite@16150369]" started-at="2025-08-08T13:19:29Z" name="runOnFailure" finished-at="2025-08-08T13:19:29Z" duration-ms="7" status="PASS">
          <params>
            <param index="0">
              <value>
                <![CDATA[[TestResult name=DeletionOf_PMSCycleAndGoalPlan status=SUCCESS method=SmokeTestSuite.DeletionOf_PMSCycleAndGoalPlan()[pri:12, instance:Test_Suit.SmokeTestSuite@16150369] output={null}]]]>
              </value>
            </param>
          </params>
          <reporter-output>
          </reporter-output>
        </test-method> <!-- runOnFailure -->
        <test-method is-config="true" signature="teardown()[pri:0, instance:Test_Suit.SmokeTestSuite@16150369]" started-at="2025-08-08T13:19:29Z" name="teardown" finished-at="2025-08-08T13:19:29Z" duration-ms="919" status="PASS">
          <reporter-output>
          </reporter-output>
        </test-method> <!-- teardown -->
      </class> <!-- Test_Suit.SmokeTestSuite -->
    </test> <!-- Default test -->
  </suite> <!-- Default suite -->
</testng-results>
