<?xml version="1.0" encoding="UTF-8"?>
<testng-results ignored="0" total="1" passed="1" failed="0" skipped="0">
  <reporter-output>
  </reporter-output>
  <suite started-at="2024-07-16T07:31:06Z" name="Default suite" finished-at="2024-07-16T07:39:05Z" duration-ms="478732">
    <groups>
    </groups>
    <test started-at="2024-07-16T07:31:06Z" name="Default test" finished-at="2024-07-16T07:39:05Z" duration-ms="478732">
      <class name="_360DFeedback.Respons_totheForm_Test">
        <test-method is-config="true" signature="setUp()[pri:0, instance:_360DFeedback.Respons_totheForm_Test@7d446ed1]" started-at="2024-07-16T07:31:06Z" name="setUp" finished-at="2024-07-16T07:31:13Z" duration-ms="6995" status="PASS">
          <reporter-output>
          </reporter-output>
        </test-method> <!-- setUp -->
        <test-method signature="test()[pri:2, instance:_360DFeedback.Respons_totheForm_Test@7d446ed1]" started-at="2024-07-16T07:31:13Z" name="test" finished-at="2024-07-16T07:39:04Z" duration-ms="470791" status="PASS">
          <reporter-output>
          </reporter-output>
        </test-method> <!-- test -->
        <test-method is-config="true" signature="teardown()[pri:0, instance:_360DFeedback.Respons_totheForm_Test@7d446ed1]" started-at="2024-07-16T07:39:04Z" name="teardown" finished-at="2024-07-16T07:39:05Z" duration-ms="894" status="PASS">
          <reporter-output>
          </reporter-output>
        </test-method> <!-- teardown -->
      </class> <!-- _360DFeedback.Respons_totheForm_Test -->
    </test> <!-- Default test -->
  </suite> <!-- Default suite -->
</testng-results>
