<?xml version="1.0" encoding="UTF-8"?>
<testng-results ignored="0" total="13" passed="5" failed="1" skipped="7">
  <reporter-output>
  </reporter-output>
  <suite started-at="2025-02-05T05:41:42Z" name="Default suite" finished-at="2025-02-05T05:45:15Z" duration-ms="213172">
    <groups>
    </groups>
    <test started-at="2025-02-05T05:41:42Z" name="Default test" finished-at="2025-02-05T05:45:15Z" duration-ms="213172">
      <class name="Test_Suit.SmokeTestSuite">
        <test-method is-config="true" signature="setUp()[pri:0, instance:Test_Suit.SmokeTestSuite@31e04b13]" started-at="2025-02-05T05:41:42Z" name="setUp" finished-at="2025-02-05T05:41:56Z" duration-ms="13864" status="PASS">
          <reporter-output>
          </reporter-output>
        </test-method> <!-- setUp -->
        <test-method signature="AddGoalPlan()[pri:1, instance:Test_Suit.SmokeTestSuite@31e04b13]" started-at="2025-02-05T05:41:56Z" name="AddGoalPlan" finished-at="2025-02-05T05:42:32Z" duration-ms="35597" status="PASS">
          <reporter-output>
          </reporter-output>
        </test-method> <!-- AddGoalPlan -->
        <test-method is-config="true" signature="runOnFailure(org.testng.ITestResult)[pri:0, instance:Test_Suit.SmokeTestSuite@31e04b13]" started-at="2025-02-05T05:42:32Z" name="runOnFailure" finished-at="2025-02-05T05:42:32Z" duration-ms="4" status="PASS">
          <params>
            <param index="0">
              <value>
                <![CDATA[[TestResult name=AddGoalPlan status=SUCCESS method=SmokeTestSuite.AddGoalPlan()[pri:1, instance:Test_Suit.SmokeTestSuite@31e04b13] output={null}]]]>
              </value>
            </param>
          </params>
          <reporter-output>
          </reporter-output>
        </test-method> <!-- runOnFailure -->
        <test-method signature="AddPMSCycle()[pri:2, instance:Test_Suit.SmokeTestSuite@31e04b13]" started-at="2025-02-05T05:42:32Z" name="AddPMSCycle" finished-at="2025-02-05T05:42:51Z" depends-on-methods="Test_Suit.SmokeTestSuite.AddGoalPlan" duration-ms="19505" status="PASS">
          <reporter-output>
          </reporter-output>
        </test-method> <!-- AddPMSCycle -->
        <test-method is-config="true" signature="runOnFailure(org.testng.ITestResult)[pri:0, instance:Test_Suit.SmokeTestSuite@31e04b13]" started-at="2025-02-05T05:42:51Z" name="runOnFailure" finished-at="2025-02-05T05:42:51Z" duration-ms="0" status="PASS">
          <params>
            <param index="0">
              <value>
                <![CDATA[[TestResult name=AddPMSCycle status=SUCCESS method=SmokeTestSuite.AddPMSCycle()[pri:2, instance:Test_Suit.SmokeTestSuite@31e04b13] output={null}]]]>
              </value>
            </param>
          </params>
          <reporter-output>
          </reporter-output>
        </test-method> <!-- runOnFailure -->
        <test-method signature="Initiate_PMSCycle()[pri:3, instance:Test_Suit.SmokeTestSuite@31e04b13]" started-at="2025-02-05T05:42:51Z" name="Initiate_PMSCycle" finished-at="2025-02-05T05:43:10Z" depends-on-methods="Test_Suit.SmokeTestSuite.AddPMSCycle" duration-ms="19039" status="PASS">
          <reporter-output>
          </reporter-output>
        </test-method> <!-- Initiate_PMSCycle -->
        <test-method is-config="true" signature="runOnFailure(org.testng.ITestResult)[pri:0, instance:Test_Suit.SmokeTestSuite@31e04b13]" started-at="2025-02-05T05:43:10Z" name="runOnFailure" finished-at="2025-02-05T05:43:10Z" duration-ms="0" status="PASS">
          <params>
            <param index="0">
              <value>
                <![CDATA[[TestResult name=Initiate_PMSCycle status=SUCCESS method=SmokeTestSuite.Initiate_PMSCycle()[pri:3, instance:Test_Suit.SmokeTestSuite@31e04b13] output={null}]]]>
              </value>
            </param>
          </params>
          <reporter-output>
          </reporter-output>
        </test-method> <!-- runOnFailure -->
        <test-method signature="Manager_AddGoalTo_Emp()[pri:4, instance:Test_Suit.SmokeTestSuite@31e04b13]" started-at="2025-02-05T05:43:10Z" name="Manager_AddGoalTo_Emp" finished-at="2025-02-05T05:43:53Z" depends-on-methods="Test_Suit.SmokeTestSuite.Initiate_PMSCycle" duration-ms="42840" status="SKIP">
          <exception class="org.openqa.selenium.TimeoutException">
            <message>
              <![CDATA[Expected condition failed: waiting for visibility of element located by By.xpath: //div[contains(text(),'Saved goal successfully')] (tried for 10 second(s) with 500 milliseconds interval)
Build info: version: '4.26.0', revision: '8ccf0219d7'
System info: os.name: 'Windows 11', os.arch: 'amd64', os.version: '10.0', java.version: '17.0.9'
Driver info: org.openqa.selenium.chrome.ChromeDriver
Capabilities {acceptInsecureCerts: false, browserName: chrome, browserVersion: 132.0.6834.160, chrome: {chromedriverVersion: 132.0.6834.159 (2d77d3fc445..., userDataDir: C:\Users\Dell\AppData\Local...}, fedcm:accounts: true, goog:chromeOptions: {debuggerAddress: localhost:49360}, networkConnectionEnabled: false, pageLoadStrategy: normal, platformName: windows, proxy: Proxy(), se:cdp: ws://localhost:49360/devtoo..., se:cdpVersion: 132.0.6834.160, setWindowRect: true, strictFileInteractability: false, timeouts: {implicit: 0, pageLoad: 300000, script: 30000}, unhandledPromptBehavior: dismiss and notify, webauthn:extension:credBlob: true, webauthn:extension:largeBlob: true, webauthn:extension:minPinLength: true, webauthn:extension:prf: true, webauthn:virtualAuthenticators: true}
Session ID: 81aa0ce41702869e10995115f454d451]]>
            </message>
            <full-stacktrace>
              <![CDATA[org.openqa.selenium.TimeoutException: Expected condition failed: waiting for visibility of element located by By.xpath: //div[contains(text(),'Saved goal successfully')] (tried for 10 second(s) with 500 milliseconds interval)
Build info: version: '4.26.0', revision: '8ccf0219d7'
System info: os.name: 'Windows 11', os.arch: 'amd64', os.version: '10.0', java.version: '17.0.9'
Driver info: org.openqa.selenium.chrome.ChromeDriver
Capabilities {acceptInsecureCerts: false, browserName: chrome, browserVersion: 132.0.6834.160, chrome: {chromedriverVersion: 132.0.6834.159 (2d77d3fc445..., userDataDir: C:\Users\Dell\AppData\Local...}, fedcm:accounts: true, goog:chromeOptions: {debuggerAddress: localhost:49360}, networkConnectionEnabled: false, pageLoadStrategy: normal, platformName: windows, proxy: Proxy(), se:cdp: ws://localhost:49360/devtoo..., se:cdpVersion: 132.0.6834.160, setWindowRect: true, strictFileInteractability: false, timeouts: {implicit: 0, pageLoad: 300000, script: 30000}, unhandledPromptBehavior: dismiss and notify, webauthn:extension:credBlob: true, webauthn:extension:largeBlob: true, webauthn:extension:minPinLength: true, webauthn:extension:prf: true, webauthn:virtualAuthenticators: true}
Session ID: 81aa0ce41702869e10995115f454d451
at org.openqa.selenium.support.ui.WebDriverWait.timeoutException(WebDriverWait.java:84)
at org.openqa.selenium.support.ui.FluentWait.until(FluentWait.java:228)
at NormalFlowForEmployee.manager_AddGoals.isGoalAdded(manager_AddGoals.java:164)
at Test_Suit.SmokeTestSuite.Manager_AddGoalTo_Emp(SmokeTestSuite.java:126)
at java.base/jdk.internal.reflect.NativeMethodAccessorImpl.invoke0(Native Method)
at java.base/jdk.internal.reflect.NativeMethodAccessorImpl.invoke(NativeMethodAccessorImpl.java:77)
at java.base/jdk.internal.reflect.DelegatingMethodAccessorImpl.invoke(DelegatingMethodAccessorImpl.java:43)
at java.base/java.lang.reflect.Method.invoke(Method.java:568)
at org.testng.internal.MethodInvocationHelper.invokeMethod(MethodInvocationHelper.java:124)
at org.testng.internal.Invoker.invokeMethod(Invoker.java:583)
at org.testng.internal.Invoker.invokeTestMethod(Invoker.java:719)
at org.testng.internal.Invoker.invokeTestMethods(Invoker.java:989)
at org.testng.internal.TestMethodWorker.invokeTestMethods(TestMethodWorker.java:125)
at org.testng.internal.TestMethodWorker.run(TestMethodWorker.java:109)
at org.testng.TestRunner.privateRun(TestRunner.java:648)
at org.testng.TestRunner.run(TestRunner.java:505)
at org.testng.SuiteRunner.runTest(SuiteRunner.java:455)
at org.testng.SuiteRunner.runSequentially(SuiteRunner.java:450)
at org.testng.SuiteRunner.privateRun(SuiteRunner.java:415)
at org.testng.SuiteRunner.run(SuiteRunner.java:364)
at org.testng.SuiteRunnerWorker.runSuite(SuiteRunnerWorker.java:52)
at org.testng.SuiteRunnerWorker.run(SuiteRunnerWorker.java:84)
at org.testng.TestNG.runSuitesSequentially(TestNG.java:1208)
at org.testng.TestNG.runSuitesLocally(TestNG.java:1137)
at org.testng.TestNG.runSuites(TestNG.java:1049)
at org.testng.TestNG.run(TestNG.java:1017)
at org.testng.remote.AbstractRemoteTestNG.run(AbstractRemoteTestNG.java:115)
at org.testng.remote.RemoteTestNG.initAndRun(RemoteTestNG.java:293)
at org.testng.remote.RemoteTestNG.main(RemoteTestNG.java:91)
]]>
            </full-stacktrace>
          </exception> <!-- org.openqa.selenium.TimeoutException -->
          <reporter-output>
          </reporter-output>
        </test-method> <!-- Manager_AddGoalTo_Emp -->
        <test-method signature="Manager_AddGoalTo_Emp()[pri:4, instance:Test_Suit.SmokeTestSuite@31e04b13]" started-at="2025-02-05T05:43:53Z" name="Manager_AddGoalTo_Emp" finished-at="2025-02-05T05:44:18Z" depends-on-methods="Test_Suit.SmokeTestSuite.Initiate_PMSCycle" duration-ms="24567" status="FAIL">
          <exception class="org.openqa.selenium.ElementNotInteractableException">
            <message>
              <![CDATA[element not interactable
  (Session info: chrome=132.0.6834.160)
Build info: version: '4.26.0', revision: '8ccf0219d7'
System info: os.name: 'Windows 11', os.arch: 'amd64', os.version: '10.0', java.version: '17.0.9'
Driver info: org.openqa.selenium.chrome.ChromeDriver
Command: [81aa0ce41702869e10995115f454d451, sendKeysToElement {id=f.2FDA731E5C133C8F110B09590FD1922B.d.FA5DCF9BB2FB6B9FE64094FEED6644C9.e.2360, value=[Ljava.lang.CharSequence;@1a34a51e}]
Capabilities {acceptInsecureCerts: false, browserName: chrome, browserVersion: 132.0.6834.160, chrome: {chromedriverVersion: 132.0.6834.159 (2d77d3fc445..., userDataDir: C:\Users\Dell\AppData\Local...}, fedcm:accounts: true, goog:chromeOptions: {debuggerAddress: localhost:49360}, networkConnectionEnabled: false, pageLoadStrategy: normal, platformName: windows, proxy: Proxy(), se:cdp: ws://localhost:49360/devtoo..., se:cdpVersion: 132.0.6834.160, setWindowRect: true, strictFileInteractability: false, timeouts: {implicit: 0, pageLoad: 300000, script: 30000}, unhandledPromptBehavior: dismiss and notify, webauthn:extension:credBlob: true, webauthn:extension:largeBlob: true, webauthn:extension:minPinLength: true, webauthn:extension:prf: true, webauthn:virtualAuthenticators: true}
Element: [[ChromeDriver: chrome on windows (81aa0ce41702869e10995115f454d451)] -> id: obj_title]
Session ID: 81aa0ce41702869e10995115f454d451]]>
            </message>
            <full-stacktrace>
              <![CDATA[org.openqa.selenium.ElementNotInteractableException: element not interactable
  (Session info: chrome=132.0.6834.160)
Build info: version: '4.26.0', revision: '8ccf0219d7'
System info: os.name: 'Windows 11', os.arch: 'amd64', os.version: '10.0', java.version: '17.0.9'
Driver info: org.openqa.selenium.chrome.ChromeDriver
Command: [81aa0ce41702869e10995115f454d451, sendKeysToElement {id=f.2FDA731E5C133C8F110B09590FD1922B.d.FA5DCF9BB2FB6B9FE64094FEED6644C9.e.2360, value=[Ljava.lang.CharSequence;@1a34a51e}]
Capabilities {acceptInsecureCerts: false, browserName: chrome, browserVersion: 132.0.6834.160, chrome: {chromedriverVersion: 132.0.6834.159 (2d77d3fc445..., userDataDir: C:\Users\Dell\AppData\Local...}, fedcm:accounts: true, goog:chromeOptions: {debuggerAddress: localhost:49360}, networkConnectionEnabled: false, pageLoadStrategy: normal, platformName: windows, proxy: Proxy(), se:cdp: ws://localhost:49360/devtoo..., se:cdpVersion: 132.0.6834.160, setWindowRect: true, strictFileInteractability: false, timeouts: {implicit: 0, pageLoad: 300000, script: 30000}, unhandledPromptBehavior: dismiss and notify, webauthn:extension:credBlob: true, webauthn:extension:largeBlob: true, webauthn:extension:minPinLength: true, webauthn:extension:prf: true, webauthn:virtualAuthenticators: true}
Element: [[ChromeDriver: chrome on windows (81aa0ce41702869e10995115f454d451)] -> id: obj_title]
Session ID: 81aa0ce41702869e10995115f454d451
at java.base/jdk.internal.reflect.NativeConstructorAccessorImpl.newInstance0(Native Method)
at java.base/jdk.internal.reflect.NativeConstructorAccessorImpl.newInstance(NativeConstructorAccessorImpl.java:77)
at java.base/jdk.internal.reflect.DelegatingConstructorAccessorImpl.newInstance(DelegatingConstructorAccessorImpl.java:45)
at java.base/java.lang.reflect.Constructor.newInstanceWithCaller(Constructor.java:499)
at java.base/java.lang.reflect.Constructor.newInstance(Constructor.java:480)
at org.openqa.selenium.remote.ErrorCodec.decode(ErrorCodec.java:167)
at org.openqa.selenium.remote.codec.w3c.W3CHttpResponseCodec.decode(W3CHttpResponseCodec.java:138)
at org.openqa.selenium.remote.codec.w3c.W3CHttpResponseCodec.decode(W3CHttpResponseCodec.java:50)
at org.openqa.selenium.remote.HttpCommandExecutor.execute(HttpCommandExecutor.java:190)
at org.openqa.selenium.remote.service.DriverCommandExecutor.invokeExecute(DriverCommandExecutor.java:216)
at org.openqa.selenium.remote.service.DriverCommandExecutor.execute(DriverCommandExecutor.java:174)
at org.openqa.selenium.remote.RemoteWebDriver.execute(RemoteWebDriver.java:545)
at org.openqa.selenium.remote.RemoteWebElement.execute(RemoteWebElement.java:223)
at org.openqa.selenium.remote.RemoteWebElement.sendKeys(RemoteWebElement.java:110)
at NormalFlowForEmployee.manager_AddGoals.enterGoalDetails(manager_AddGoals.java:104)
at Test_Suit.SmokeTestSuite.Manager_AddGoalTo_Emp(SmokeTestSuite.java:125)
at java.base/jdk.internal.reflect.NativeMethodAccessorImpl.invoke0(Native Method)
at java.base/jdk.internal.reflect.NativeMethodAccessorImpl.invoke(NativeMethodAccessorImpl.java:77)
at java.base/jdk.internal.reflect.DelegatingMethodAccessorImpl.invoke(DelegatingMethodAccessorImpl.java:43)
at java.base/java.lang.reflect.Method.invoke(Method.java:568)
at org.testng.internal.MethodInvocationHelper.invokeMethod(MethodInvocationHelper.java:124)
at org.testng.internal.Invoker.invokeMethod(Invoker.java:583)
at org.testng.internal.Invoker.retryFailed(Invoker.java:839)
at org.testng.internal.Invoker.invokeTestMethods(Invoker.java:1010)
at org.testng.internal.TestMethodWorker.invokeTestMethods(TestMethodWorker.java:125)
at org.testng.internal.TestMethodWorker.run(TestMethodWorker.java:109)
at org.testng.TestRunner.privateRun(TestRunner.java:648)
at org.testng.TestRunner.run(TestRunner.java:505)
at org.testng.SuiteRunner.runTest(SuiteRunner.java:455)
at org.testng.SuiteRunner.runSequentially(SuiteRunner.java:450)
at org.testng.SuiteRunner.privateRun(SuiteRunner.java:415)
at org.testng.SuiteRunner.run(SuiteRunner.java:364)
at org.testng.SuiteRunnerWorker.runSuite(SuiteRunnerWorker.java:52)
at org.testng.SuiteRunnerWorker.run(SuiteRunnerWorker.java:84)
at org.testng.TestNG.runSuitesSequentially(TestNG.java:1208)
at org.testng.TestNG.runSuitesLocally(TestNG.java:1137)
at org.testng.TestNG.runSuites(TestNG.java:1049)
at org.testng.TestNG.run(TestNG.java:1017)
at org.testng.remote.AbstractRemoteTestNG.run(AbstractRemoteTestNG.java:115)
at org.testng.remote.RemoteTestNG.initAndRun(RemoteTestNG.java:293)
at org.testng.remote.RemoteTestNG.main(RemoteTestNG.java:91)
]]>
            </full-stacktrace>
          </exception> <!-- org.openqa.selenium.ElementNotInteractableException -->
          <reporter-output>
          </reporter-output>
        </test-method> <!-- Manager_AddGoalTo_Emp -->
        <test-method is-config="true" signature="runOnFailure(org.testng.ITestResult)[pri:0, instance:Test_Suit.SmokeTestSuite@31e04b13]" started-at="2025-02-05T05:43:53Z" name="runOnFailure" finished-at="2025-02-05T05:43:53Z" duration-ms="0" status="PASS">
          <params>
            <param index="0">
              <value>
                <![CDATA[[TestResult name=Manager_AddGoalTo_Emp status=SKIP method=SmokeTestSuite.Manager_AddGoalTo_Emp()[pri:4, instance:Test_Suit.SmokeTestSuite@31e04b13] output={null}]]]>
              </value>
            </param>
          </params>
          <reporter-output>
          </reporter-output>
        </test-method> <!-- runOnFailure -->
        <test-method is-config="true" signature="runOnFailure(org.testng.ITestResult)[pri:0, instance:Test_Suit.SmokeTestSuite@31e04b13]" started-at="2025-02-05T05:44:18Z" name="runOnFailure" finished-at="2025-02-05T05:44:18Z" duration-ms="239" status="PASS">
          <params>
            <param index="0">
              <value>
                <![CDATA[[TestResult name=Manager_AddGoalTo_Emp status=FAILURE method=SmokeTestSuite.Manager_AddGoalTo_Emp()[pri:4, instance:Test_Suit.SmokeTestSuite@31e04b13] output={null}]]]>
              </value>
            </param>
          </params>
          <reporter-output>
          </reporter-output>
        </test-method> <!-- runOnFailure -->
        <test-method signature="Employee_AssessmentSubmission()[pri:5, instance:Test_Suit.SmokeTestSuite@31e04b13]" started-at="2025-02-05T05:44:18Z" name="Employee_AssessmentSubmission" finished-at="2025-02-05T05:44:18Z" depends-on-methods="Test_Suit.SmokeTestSuite.Manager_AddGoalTo_Emp" duration-ms="0" status="SKIP">
          <exception class="java.lang.Throwable">
            <message>
              <![CDATA[Method SmokeTestSuite.Employee_AssessmentSubmission()[pri:5, instance:Test_Suit.SmokeTestSuite@31e04b13] depends on not successfully finished methods]]>
            </message>
            <full-stacktrace>
              <![CDATA[java.lang.Throwable: Method SmokeTestSuite.Employee_AssessmentSubmission()[pri:5, instance:Test_Suit.SmokeTestSuite@31e04b13] depends on not successfully finished methods
at org.testng.internal.Invoker.invokeTestMethods(Invoker.java:888)
at org.testng.internal.TestMethodWorker.invokeTestMethods(TestMethodWorker.java:125)
at org.testng.internal.TestMethodWorker.run(TestMethodWorker.java:109)
at org.testng.TestRunner.privateRun(TestRunner.java:648)
at org.testng.TestRunner.run(TestRunner.java:505)
at org.testng.SuiteRunner.runTest(SuiteRunner.java:455)
at org.testng.SuiteRunner.runSequentially(SuiteRunner.java:450)
at org.testng.SuiteRunner.privateRun(SuiteRunner.java:415)
at org.testng.SuiteRunner.run(SuiteRunner.java:364)
at org.testng.SuiteRunnerWorker.runSuite(SuiteRunnerWorker.java:52)
at org.testng.SuiteRunnerWorker.run(SuiteRunnerWorker.java:84)
at org.testng.TestNG.runSuitesSequentially(TestNG.java:1208)
at org.testng.TestNG.runSuitesLocally(TestNG.java:1137)
at org.testng.TestNG.runSuites(TestNG.java:1049)
at org.testng.TestNG.run(TestNG.java:1017)
at org.testng.remote.AbstractRemoteTestNG.run(AbstractRemoteTestNG.java:115)
at org.testng.remote.RemoteTestNG.initAndRun(RemoteTestNG.java:293)
at org.testng.remote.RemoteTestNG.main(RemoteTestNG.java:91)
]]>
            </full-stacktrace>
          </exception> <!-- java.lang.Throwable -->
          <reporter-output>
          </reporter-output>
        </test-method> <!-- Employee_AssessmentSubmission -->
        <test-method signature="Manager_AssessmentSubmissionTo_Skip()[pri:6, instance:Test_Suit.SmokeTestSuite@31e04b13]" started-at="2025-02-05T05:44:18Z" name="Manager_AssessmentSubmissionTo_Skip" finished-at="2025-02-05T05:44:18Z" depends-on-methods="Test_Suit.SmokeTestSuite.Employee_AssessmentSubmission" duration-ms="0" status="SKIP">
          <exception class="java.lang.Throwable">
            <message>
              <![CDATA[Method SmokeTestSuite.Manager_AssessmentSubmissionTo_Skip()[pri:6, instance:Test_Suit.SmokeTestSuite@31e04b13] depends on not successfully finished methods]]>
            </message>
            <full-stacktrace>
              <![CDATA[java.lang.Throwable: Method SmokeTestSuite.Manager_AssessmentSubmissionTo_Skip()[pri:6, instance:Test_Suit.SmokeTestSuite@31e04b13] depends on not successfully finished methods
at org.testng.internal.Invoker.invokeTestMethods(Invoker.java:888)
at org.testng.internal.TestMethodWorker.invokeTestMethods(TestMethodWorker.java:125)
at org.testng.internal.TestMethodWorker.run(TestMethodWorker.java:109)
at org.testng.TestRunner.privateRun(TestRunner.java:648)
at org.testng.TestRunner.run(TestRunner.java:505)
at org.testng.SuiteRunner.runTest(SuiteRunner.java:455)
at org.testng.SuiteRunner.runSequentially(SuiteRunner.java:450)
at org.testng.SuiteRunner.privateRun(SuiteRunner.java:415)
at org.testng.SuiteRunner.run(SuiteRunner.java:364)
at org.testng.SuiteRunnerWorker.runSuite(SuiteRunnerWorker.java:52)
at org.testng.SuiteRunnerWorker.run(SuiteRunnerWorker.java:84)
at org.testng.TestNG.runSuitesSequentially(TestNG.java:1208)
at org.testng.TestNG.runSuitesLocally(TestNG.java:1137)
at org.testng.TestNG.runSuites(TestNG.java:1049)
at org.testng.TestNG.run(TestNG.java:1017)
at org.testng.remote.AbstractRemoteTestNG.run(AbstractRemoteTestNG.java:115)
at org.testng.remote.RemoteTestNG.initAndRun(RemoteTestNG.java:293)
at org.testng.remote.RemoteTestNG.main(RemoteTestNG.java:91)
]]>
            </full-stacktrace>
          </exception> <!-- java.lang.Throwable -->
          <reporter-output>
          </reporter-output>
        </test-method> <!-- Manager_AssessmentSubmissionTo_Skip -->
        <test-method signature="Skip_Approval()[pri:7, instance:Test_Suit.SmokeTestSuite@31e04b13]" started-at="2025-02-05T05:44:18Z" name="Skip_Approval" finished-at="2025-02-05T05:44:18Z" depends-on-methods="Test_Suit.SmokeTestSuite.Manager_AssessmentSubmissionTo_Skip" duration-ms="0" status="SKIP">
          <exception class="java.lang.Throwable">
            <message>
              <![CDATA[Method SmokeTestSuite.Skip_Approval()[pri:7, instance:Test_Suit.SmokeTestSuite@31e04b13] depends on not successfully finished methods]]>
            </message>
            <full-stacktrace>
              <![CDATA[java.lang.Throwable: Method SmokeTestSuite.Skip_Approval()[pri:7, instance:Test_Suit.SmokeTestSuite@31e04b13] depends on not successfully finished methods
at org.testng.internal.Invoker.invokeTestMethods(Invoker.java:888)
at org.testng.internal.TestMethodWorker.invokeTestMethods(TestMethodWorker.java:125)
at org.testng.internal.TestMethodWorker.run(TestMethodWorker.java:109)
at org.testng.TestRunner.privateRun(TestRunner.java:648)
at org.testng.TestRunner.run(TestRunner.java:505)
at org.testng.SuiteRunner.runTest(SuiteRunner.java:455)
at org.testng.SuiteRunner.runSequentially(SuiteRunner.java:450)
at org.testng.SuiteRunner.privateRun(SuiteRunner.java:415)
at org.testng.SuiteRunner.run(SuiteRunner.java:364)
at org.testng.SuiteRunnerWorker.runSuite(SuiteRunnerWorker.java:52)
at org.testng.SuiteRunnerWorker.run(SuiteRunnerWorker.java:84)
at org.testng.TestNG.runSuitesSequentially(TestNG.java:1208)
at org.testng.TestNG.runSuitesLocally(TestNG.java:1137)
at org.testng.TestNG.runSuites(TestNG.java:1049)
at org.testng.TestNG.run(TestNG.java:1017)
at org.testng.remote.AbstractRemoteTestNG.run(AbstractRemoteTestNG.java:115)
at org.testng.remote.RemoteTestNG.initAndRun(RemoteTestNG.java:293)
at org.testng.remote.RemoteTestNG.main(RemoteTestNG.java:91)
]]>
            </full-stacktrace>
          </exception> <!-- java.lang.Throwable -->
          <reporter-output>
          </reporter-output>
        </test-method> <!-- Skip_Approval -->
        <test-method signature="OneToOneMeeting_Manager()[pri:8, instance:Test_Suit.SmokeTestSuite@31e04b13]" started-at="2025-02-05T05:44:18Z" name="OneToOneMeeting_Manager" finished-at="2025-02-05T05:44:18Z" depends-on-methods="Test_Suit.SmokeTestSuite.Skip_Approval" duration-ms="0" status="SKIP">
          <exception class="java.lang.Throwable">
            <message>
              <![CDATA[Method SmokeTestSuite.OneToOneMeeting_Manager()[pri:8, instance:Test_Suit.SmokeTestSuite@31e04b13] depends on not successfully finished methods]]>
            </message>
            <full-stacktrace>
              <![CDATA[java.lang.Throwable: Method SmokeTestSuite.OneToOneMeeting_Manager()[pri:8, instance:Test_Suit.SmokeTestSuite@31e04b13] depends on not successfully finished methods
at org.testng.internal.Invoker.invokeTestMethods(Invoker.java:888)
at org.testng.internal.TestMethodWorker.invokeTestMethods(TestMethodWorker.java:125)
at org.testng.internal.TestMethodWorker.run(TestMethodWorker.java:109)
at org.testng.TestRunner.privateRun(TestRunner.java:648)
at org.testng.TestRunner.run(TestRunner.java:505)
at org.testng.SuiteRunner.runTest(SuiteRunner.java:455)
at org.testng.SuiteRunner.runSequentially(SuiteRunner.java:450)
at org.testng.SuiteRunner.privateRun(SuiteRunner.java:415)
at org.testng.SuiteRunner.run(SuiteRunner.java:364)
at org.testng.SuiteRunnerWorker.runSuite(SuiteRunnerWorker.java:52)
at org.testng.SuiteRunnerWorker.run(SuiteRunnerWorker.java:84)
at org.testng.TestNG.runSuitesSequentially(TestNG.java:1208)
at org.testng.TestNG.runSuitesLocally(TestNG.java:1137)
at org.testng.TestNG.runSuites(TestNG.java:1049)
at org.testng.TestNG.run(TestNG.java:1017)
at org.testng.remote.AbstractRemoteTestNG.run(AbstractRemoteTestNG.java:115)
at org.testng.remote.RemoteTestNG.initAndRun(RemoteTestNG.java:293)
at org.testng.remote.RemoteTestNG.main(RemoteTestNG.java:91)
]]>
            </full-stacktrace>
          </exception> <!-- java.lang.Throwable -->
          <reporter-output>
          </reporter-output>
        </test-method> <!-- OneToOneMeeting_Manager -->
        <test-method signature="OnToOneMeeting_Employee()[pri:9, instance:Test_Suit.SmokeTestSuite@31e04b13]" started-at="2025-02-05T05:44:18Z" name="OnToOneMeeting_Employee" finished-at="2025-02-05T05:44:18Z" depends-on-methods="Test_Suit.SmokeTestSuite.OneToOneMeeting_Manager" duration-ms="0" status="SKIP">
          <exception class="java.lang.Throwable">
            <message>
              <![CDATA[Method SmokeTestSuite.OnToOneMeeting_Employee()[pri:9, instance:Test_Suit.SmokeTestSuite@31e04b13] depends on not successfully finished methods]]>
            </message>
            <full-stacktrace>
              <![CDATA[java.lang.Throwable: Method SmokeTestSuite.OnToOneMeeting_Employee()[pri:9, instance:Test_Suit.SmokeTestSuite@31e04b13] depends on not successfully finished methods
at org.testng.internal.Invoker.invokeTestMethods(Invoker.java:888)
at org.testng.internal.TestMethodWorker.invokeTestMethods(TestMethodWorker.java:125)
at org.testng.internal.TestMethodWorker.run(TestMethodWorker.java:109)
at org.testng.TestRunner.privateRun(TestRunner.java:648)
at org.testng.TestRunner.run(TestRunner.java:505)
at org.testng.SuiteRunner.runTest(SuiteRunner.java:455)
at org.testng.SuiteRunner.runSequentially(SuiteRunner.java:450)
at org.testng.SuiteRunner.privateRun(SuiteRunner.java:415)
at org.testng.SuiteRunner.run(SuiteRunner.java:364)
at org.testng.SuiteRunnerWorker.runSuite(SuiteRunnerWorker.java:52)
at org.testng.SuiteRunnerWorker.run(SuiteRunnerWorker.java:84)
at org.testng.TestNG.runSuitesSequentially(TestNG.java:1208)
at org.testng.TestNG.runSuitesLocally(TestNG.java:1137)
at org.testng.TestNG.runSuites(TestNG.java:1049)
at org.testng.TestNG.run(TestNG.java:1017)
at org.testng.remote.AbstractRemoteTestNG.run(AbstractRemoteTestNG.java:115)
at org.testng.remote.RemoteTestNG.initAndRun(RemoteTestNG.java:293)
at org.testng.remote.RemoteTestNG.main(RemoteTestNG.java:91)
]]>
            </full-stacktrace>
          </exception> <!-- java.lang.Throwable -->
          <reporter-output>
          </reporter-output>
        </test-method> <!-- OnToOneMeeting_Employee -->
        <test-method signature="Finalize_Emp_Appraisal()[pri:10, instance:Test_Suit.SmokeTestSuite@31e04b13]" started-at="2025-02-05T05:44:18Z" name="Finalize_Emp_Appraisal" finished-at="2025-02-05T05:44:18Z" depends-on-methods="Test_Suit.SmokeTestSuite.OnToOneMeeting_Employee" duration-ms="0" status="SKIP">
          <exception class="java.lang.Throwable">
            <message>
              <![CDATA[Method SmokeTestSuite.Finalize_Emp_Appraisal()[pri:10, instance:Test_Suit.SmokeTestSuite@31e04b13] depends on not successfully finished methods]]>
            </message>
            <full-stacktrace>
              <![CDATA[java.lang.Throwable: Method SmokeTestSuite.Finalize_Emp_Appraisal()[pri:10, instance:Test_Suit.SmokeTestSuite@31e04b13] depends on not successfully finished methods
at org.testng.internal.Invoker.invokeTestMethods(Invoker.java:888)
at org.testng.internal.TestMethodWorker.invokeTestMethods(TestMethodWorker.java:125)
at org.testng.internal.TestMethodWorker.run(TestMethodWorker.java:109)
at org.testng.TestRunner.privateRun(TestRunner.java:648)
at org.testng.TestRunner.run(TestRunner.java:505)
at org.testng.SuiteRunner.runTest(SuiteRunner.java:455)
at org.testng.SuiteRunner.runSequentially(SuiteRunner.java:450)
at org.testng.SuiteRunner.privateRun(SuiteRunner.java:415)
at org.testng.SuiteRunner.run(SuiteRunner.java:364)
at org.testng.SuiteRunnerWorker.runSuite(SuiteRunnerWorker.java:52)
at org.testng.SuiteRunnerWorker.run(SuiteRunnerWorker.java:84)
at org.testng.TestNG.runSuitesSequentially(TestNG.java:1208)
at org.testng.TestNG.runSuitesLocally(TestNG.java:1137)
at org.testng.TestNG.runSuites(TestNG.java:1049)
at org.testng.TestNG.run(TestNG.java:1017)
at org.testng.remote.AbstractRemoteTestNG.run(AbstractRemoteTestNG.java:115)
at org.testng.remote.RemoteTestNG.initAndRun(RemoteTestNG.java:293)
at org.testng.remote.RemoteTestNG.main(RemoteTestNG.java:91)
]]>
            </full-stacktrace>
          </exception> <!-- java.lang.Throwable -->
          <reporter-output>
          </reporter-output>
        </test-method> <!-- Finalize_Emp_Appraisal -->
        <test-method signature="Remove_EmployeesFromGoalPlan()[pri:11, instance:Test_Suit.SmokeTestSuite@31e04b13]" started-at="2025-02-05T05:44:18Z" name="Remove_EmployeesFromGoalPlan" finished-at="2025-02-05T05:44:46Z" duration-ms="28533" status="PASS">
          <reporter-output>
          </reporter-output>
        </test-method> <!-- Remove_EmployeesFromGoalPlan -->
        <test-method is-config="true" signature="runOnFailure(org.testng.ITestResult)[pri:0, instance:Test_Suit.SmokeTestSuite@31e04b13]" started-at="2025-02-05T05:44:46Z" name="runOnFailure" finished-at="2025-02-05T05:44:46Z" duration-ms="0" status="PASS">
          <params>
            <param index="0">
              <value>
                <![CDATA[[TestResult name=Remove_EmployeesFromGoalPlan status=SUCCESS method=SmokeTestSuite.Remove_EmployeesFromGoalPlan()[pri:11, instance:Test_Suit.SmokeTestSuite@31e04b13] output={null}]]]>
              </value>
            </param>
          </params>
          <reporter-output>
          </reporter-output>
        </test-method> <!-- runOnFailure -->
        <test-method signature="DeletionOf_PMSCycleAndGoalPlan()[pri:12, instance:Test_Suit.SmokeTestSuite@31e04b13]" started-at="2025-02-05T05:44:46Z" name="DeletionOf_PMSCycleAndGoalPlan" finished-at="2025-02-05T05:45:14Z" duration-ms="28036" status="PASS">
          <reporter-output>
          </reporter-output>
        </test-method> <!-- DeletionOf_PMSCycleAndGoalPlan -->
        <test-method is-config="true" signature="runOnFailure(org.testng.ITestResult)[pri:0, instance:Test_Suit.SmokeTestSuite@31e04b13]" started-at="2025-02-05T05:45:14Z" name="runOnFailure" finished-at="2025-02-05T05:45:14Z" duration-ms="0" status="PASS">
          <params>
            <param index="0">
              <value>
                <![CDATA[[TestResult name=DeletionOf_PMSCycleAndGoalPlan status=SUCCESS method=SmokeTestSuite.DeletionOf_PMSCycleAndGoalPlan()[pri:12, instance:Test_Suit.SmokeTestSuite@31e04b13] output={null}]]]>
              </value>
            </param>
          </params>
          <reporter-output>
          </reporter-output>
        </test-method> <!-- runOnFailure -->
        <test-method is-config="true" signature="teardown()[pri:0, instance:Test_Suit.SmokeTestSuite@31e04b13]" started-at="2025-02-05T05:45:14Z" name="teardown" finished-at="2025-02-05T05:45:15Z" duration-ms="837" status="PASS">
          <reporter-output>
          </reporter-output>
        </test-method> <!-- teardown -->
      </class> <!-- Test_Suit.SmokeTestSuite -->
    </test> <!-- Default test -->
  </suite> <!-- Default suite -->
</testng-results>
