<?xml version="1.0" encoding="UTF-8"?>
<testng-results ignored="0" total="1" passed="1" failed="0" skipped="0">
  <reporter-output>
  </reporter-output>
  <suite started-at="2024-09-04T12:41:50Z" name="Default suite" finished-at="2024-09-04T12:42:27Z" duration-ms="37011">
    <groups>
    </groups>
    <test started-at="2024-09-04T12:41:50Z" name="Default test" finished-at="2024-09-04T12:42:27Z" duration-ms="37011">
      <class name="normalFlowTest.Delete_the_PMS_Cycle_test">
        <test-method is-config="true" signature="setUp()[pri:0, instance:normalFlowTest.Delete_the_PMS_Cycle_test@132e0cc]" started-at="2024-09-04T12:41:50Z" name="setUp" finished-at="2024-09-04T12:42:03Z" duration-ms="12272" status="PASS">
          <reporter-output>
          </reporter-output>
        </test-method> <!-- setUp -->
        <test-method signature="DeletionOfEmp_FromCycle()[pri:0, instance:normalFlowTest.Delete_the_PMS_Cycle_test@132e0cc]" started-at="2024-09-04T12:42:03Z" name="DeletionOfEmp_FromCycle" finished-at="2024-09-04T12:42:27Z" duration-ms="24032" status="PASS">
          <reporter-output>
          </reporter-output>
        </test-method> <!-- DeletionOfEmp_FromCycle -->
        <test-method is-config="true" signature="teardown()[pri:0, instance:normalFlowTest.Delete_the_PMS_Cycle_test@132e0cc]" started-at="2024-09-04T12:42:27Z" name="teardown" finished-at="2024-09-04T12:42:27Z" duration-ms="688" status="PASS">
          <reporter-output>
          </reporter-output>
        </test-method> <!-- teardown -->
      </class> <!-- normalFlowTest.Delete_the_PMS_Cycle_test -->
    </test> <!-- Default test -->
  </suite> <!-- Default suite -->
</testng-results>
