<?xml version="1.0" encoding="UTF-8"?>
<testng-results ignored="0" total="12" passed="12" failed="0" skipped="0">
  <reporter-output>
  </reporter-output>
  <suite started-at="2024-09-16T05:43:02Z" name="Default suite" finished-at="2024-09-16T05:47:50Z" duration-ms="288611">
    <groups>
    </groups>
    <test started-at="2024-09-16T05:43:02Z" name="Default test" finished-at="2024-09-16T05:47:50Z" duration-ms="288611">
      <class name="Test_Suit.SmokeTestSuite">
        <test-method is-config="true" signature="setUp()[pri:0, instance:Test_Suit.SmokeTestSuite@64412d34]" started-at="2024-09-16T05:43:02Z" name="setUp" finished-at="2024-09-16T05:43:14Z" duration-ms="12731" status="PASS">
          <reporter-output>
          </reporter-output>
        </test-method> <!-- setUp -->
        <test-method signature="AddGoalPlan()[pri:1, instance:Test_Suit.SmokeTestSuite@64412d34]" started-at="2024-09-16T05:43:15Z" name="AddGoalPlan" finished-at="2024-09-16T05:43:52Z" duration-ms="36993" status="PASS">
          <reporter-output>
          </reporter-output>
        </test-method> <!-- AddGoalPlan -->
        <test-method is-config="true" signature="runOnFailure(org.testng.ITestResult)[pri:0, instance:Test_Suit.SmokeTestSuite@64412d34]" started-at="2024-09-16T05:43:52Z" name="runOnFailure" finished-at="2024-09-16T05:43:52Z" duration-ms="6" status="PASS">
          <params>
            <param index="0">
              <value>
                <![CDATA[[TestResult name=AddGoalPlan status=SUCCESS method=SmokeTestSuite.AddGoalPlan()[pri:1, instance:Test_Suit.SmokeTestSuite@64412d34] output={null}]]]>
              </value>
            </param>
          </params>
          <reporter-output>
          </reporter-output>
        </test-method> <!-- runOnFailure -->
        <test-method signature="AddPMSCycle()[pri:2, instance:Test_Suit.SmokeTestSuite@64412d34]" started-at="2024-09-16T05:43:52Z" name="AddPMSCycle" finished-at="2024-09-16T05:44:08Z" depends-on-methods="Test_Suit.SmokeTestSuite.AddGoalPlan" duration-ms="16268" status="PASS">
          <reporter-output>
          </reporter-output>
        </test-method> <!-- AddPMSCycle -->
        <test-method is-config="true" signature="runOnFailure(org.testng.ITestResult)[pri:0, instance:Test_Suit.SmokeTestSuite@64412d34]" started-at="2024-09-16T05:44:08Z" name="runOnFailure" finished-at="2024-09-16T05:44:08Z" duration-ms="0" status="PASS">
          <params>
            <param index="0">
              <value>
                <![CDATA[[TestResult name=AddPMSCycle status=SUCCESS method=SmokeTestSuite.AddPMSCycle()[pri:2, instance:Test_Suit.SmokeTestSuite@64412d34] output={null}]]]>
              </value>
            </param>
          </params>
          <reporter-output>
          </reporter-output>
        </test-method> <!-- runOnFailure -->
        <test-method signature="Initiate_PMSCycle()[pri:3, instance:Test_Suit.SmokeTestSuite@64412d34]" started-at="2024-09-16T05:44:08Z" name="Initiate_PMSCycle" finished-at="2024-09-16T05:44:25Z" depends-on-methods="Test_Suit.SmokeTestSuite.AddPMSCycle" duration-ms="17709" status="PASS">
          <reporter-output>
          </reporter-output>
        </test-method> <!-- Initiate_PMSCycle -->
        <test-method is-config="true" signature="runOnFailure(org.testng.ITestResult)[pri:0, instance:Test_Suit.SmokeTestSuite@64412d34]" started-at="2024-09-16T05:44:26Z" name="runOnFailure" finished-at="2024-09-16T05:44:26Z" duration-ms="2" status="PASS">
          <params>
            <param index="0">
              <value>
                <![CDATA[[TestResult name=Initiate_PMSCycle status=SUCCESS method=SmokeTestSuite.Initiate_PMSCycle()[pri:3, instance:Test_Suit.SmokeTestSuite@64412d34] output={null}]]]>
              </value>
            </param>
          </params>
          <reporter-output>
          </reporter-output>
        </test-method> <!-- runOnFailure -->
        <test-method signature="Manager_AddGoalTo_Emp()[pri:4, instance:Test_Suit.SmokeTestSuite@64412d34]" started-at="2024-09-16T05:44:26Z" name="Manager_AddGoalTo_Emp" finished-at="2024-09-16T05:44:55Z" depends-on-methods="Test_Suit.SmokeTestSuite.Initiate_PMSCycle" duration-ms="29113" status="PASS">
          <reporter-output>
          </reporter-output>
        </test-method> <!-- Manager_AddGoalTo_Emp -->
        <test-method is-config="true" signature="runOnFailure(org.testng.ITestResult)[pri:0, instance:Test_Suit.SmokeTestSuite@64412d34]" started-at="2024-09-16T05:44:55Z" name="runOnFailure" finished-at="2024-09-16T05:44:55Z" duration-ms="0" status="PASS">
          <params>
            <param index="0">
              <value>
                <![CDATA[[TestResult name=Manager_AddGoalTo_Emp status=SUCCESS method=SmokeTestSuite.Manager_AddGoalTo_Emp()[pri:4, instance:Test_Suit.SmokeTestSuite@64412d34] output={null}]]]>
              </value>
            </param>
          </params>
          <reporter-output>
          </reporter-output>
        </test-method> <!-- runOnFailure -->
        <test-method signature="Employee_AssessmentSubmission()[pri:5, instance:Test_Suit.SmokeTestSuite@64412d34]" started-at="2024-09-16T05:44:55Z" name="Employee_AssessmentSubmission" finished-at="2024-09-16T05:45:17Z" depends-on-methods="Test_Suit.SmokeTestSuite.Manager_AddGoalTo_Emp" duration-ms="22442" status="PASS">
          <reporter-output>
          </reporter-output>
        </test-method> <!-- Employee_AssessmentSubmission -->
        <test-method is-config="true" signature="runOnFailure(org.testng.ITestResult)[pri:0, instance:Test_Suit.SmokeTestSuite@64412d34]" started-at="2024-09-16T05:45:17Z" name="runOnFailure" finished-at="2024-09-16T05:45:17Z" duration-ms="2" status="PASS">
          <params>
            <param index="0">
              <value>
                <![CDATA[[TestResult name=Employee_AssessmentSubmission status=SUCCESS method=SmokeTestSuite.Employee_AssessmentSubmission()[pri:5, instance:Test_Suit.SmokeTestSuite@64412d34] output={null}]]]>
              </value>
            </param>
          </params>
          <reporter-output>
          </reporter-output>
        </test-method> <!-- runOnFailure -->
        <test-method signature="Manager_AssessmentSubmissionTo_Skip()[pri:6, instance:Test_Suit.SmokeTestSuite@64412d34]" started-at="2024-09-16T05:45:17Z" name="Manager_AssessmentSubmissionTo_Skip" finished-at="2024-09-16T05:45:36Z" depends-on-methods="Test_Suit.SmokeTestSuite.Employee_AssessmentSubmission" duration-ms="19324" status="PASS">
          <reporter-output>
          </reporter-output>
        </test-method> <!-- Manager_AssessmentSubmissionTo_Skip -->
        <test-method is-config="true" signature="runOnFailure(org.testng.ITestResult)[pri:0, instance:Test_Suit.SmokeTestSuite@64412d34]" started-at="2024-09-16T05:45:36Z" name="runOnFailure" finished-at="2024-09-16T05:45:36Z" duration-ms="0" status="PASS">
          <params>
            <param index="0">
              <value>
                <![CDATA[[TestResult name=Manager_AssessmentSubmissionTo_Skip status=SUCCESS method=SmokeTestSuite.Manager_AssessmentSubmissionTo_Skip()[pri:6, instance:Test_Suit.SmokeTestSuite@64412d34] output={null}]]]>
              </value>
            </param>
          </params>
          <reporter-output>
          </reporter-output>
        </test-method> <!-- runOnFailure -->
        <test-method signature="Skip_Approval()[pri:7, instance:Test_Suit.SmokeTestSuite@64412d34]" started-at="2024-09-16T05:45:36Z" name="Skip_Approval" finished-at="2024-09-16T05:45:51Z" depends-on-methods="Test_Suit.SmokeTestSuite.Manager_AssessmentSubmissionTo_Skip" duration-ms="14729" status="PASS">
          <reporter-output>
          </reporter-output>
        </test-method> <!-- Skip_Approval -->
        <test-method is-config="true" signature="runOnFailure(org.testng.ITestResult)[pri:0, instance:Test_Suit.SmokeTestSuite@64412d34]" started-at="2024-09-16T05:45:51Z" name="runOnFailure" finished-at="2024-09-16T05:45:51Z" duration-ms="0" status="PASS">
          <params>
            <param index="0">
              <value>
                <![CDATA[[TestResult name=Skip_Approval status=SUCCESS method=SmokeTestSuite.Skip_Approval()[pri:7, instance:Test_Suit.SmokeTestSuite@64412d34] output={null}]]]>
              </value>
            </param>
          </params>
          <reporter-output>
          </reporter-output>
        </test-method> <!-- runOnFailure -->
        <test-method signature="OneToOneMeeting_Manager()[pri:8, instance:Test_Suit.SmokeTestSuite@64412d34]" started-at="2024-09-16T05:45:51Z" name="OneToOneMeeting_Manager" finished-at="2024-09-16T05:46:09Z" depends-on-methods="Test_Suit.SmokeTestSuite.Skip_Approval" duration-ms="17591" status="PASS">
          <reporter-output>
          </reporter-output>
        </test-method> <!-- OneToOneMeeting_Manager -->
        <test-method signature="OnToOneMeeting_Employee()[pri:9, instance:Test_Suit.SmokeTestSuite@64412d34]" started-at="2024-09-16T05:46:09Z" name="OnToOneMeeting_Employee" finished-at="2024-09-16T05:46:21Z" depends-on-methods="Test_Suit.SmokeTestSuite.OneToOneMeeting_Manager" duration-ms="12575" status="PASS">
          <reporter-output>
          </reporter-output>
        </test-method> <!-- OnToOneMeeting_Employee -->
        <test-method is-config="true" signature="runOnFailure(org.testng.ITestResult)[pri:0, instance:Test_Suit.SmokeTestSuite@64412d34]" started-at="2024-09-16T05:46:09Z" name="runOnFailure" finished-at="2024-09-16T05:46:09Z" duration-ms="0" status="PASS">
          <params>
            <param index="0">
              <value>
                <![CDATA[[TestResult name=OneToOneMeeting_Manager status=SUCCESS method=SmokeTestSuite.OneToOneMeeting_Manager()[pri:8, instance:Test_Suit.SmokeTestSuite@64412d34] output={null}]]]>
              </value>
            </param>
          </params>
          <reporter-output>
          </reporter-output>
        </test-method> <!-- runOnFailure -->
        <test-method is-config="true" signature="runOnFailure(org.testng.ITestResult)[pri:0, instance:Test_Suit.SmokeTestSuite@64412d34]" started-at="2024-09-16T05:46:21Z" name="runOnFailure" finished-at="2024-09-16T05:46:21Z" duration-ms="0" status="PASS">
          <params>
            <param index="0">
              <value>
                <![CDATA[[TestResult name=OnToOneMeeting_Employee status=SUCCESS method=SmokeTestSuite.OnToOneMeeting_Employee()[pri:9, instance:Test_Suit.SmokeTestSuite@64412d34] output={null}]]]>
              </value>
            </param>
          </params>
          <reporter-output>
          </reporter-output>
        </test-method> <!-- runOnFailure -->
        <test-method signature="Finalize_Emp_Appraisal()[pri:10, instance:Test_Suit.SmokeTestSuite@64412d34]" started-at="2024-09-16T05:46:21Z" name="Finalize_Emp_Appraisal" finished-at="2024-09-16T05:46:48Z" depends-on-methods="Test_Suit.SmokeTestSuite.OnToOneMeeting_Employee" duration-ms="26298" status="PASS">
          <reporter-output>
          </reporter-output>
        </test-method> <!-- Finalize_Emp_Appraisal -->
        <test-method is-config="true" signature="runOnFailure(org.testng.ITestResult)[pri:0, instance:Test_Suit.SmokeTestSuite@64412d34]" started-at="2024-09-16T05:46:48Z" name="runOnFailure" finished-at="2024-09-16T05:46:48Z" duration-ms="0" status="PASS">
          <params>
            <param index="0">
              <value>
                <![CDATA[[TestResult name=Finalize_Emp_Appraisal status=SUCCESS method=SmokeTestSuite.Finalize_Emp_Appraisal()[pri:10, instance:Test_Suit.SmokeTestSuite@64412d34] output={null}]]]>
              </value>
            </param>
          </params>
          <reporter-output>
          </reporter-output>
        </test-method> <!-- runOnFailure -->
        <test-method signature="Remove_EmployeesFromGoalPlan()[pri:11, instance:Test_Suit.SmokeTestSuite@64412d34]" started-at="2024-09-16T05:46:48Z" name="Remove_EmployeesFromGoalPlan" finished-at="2024-09-16T05:47:24Z" duration-ms="36770" status="PASS">
          <reporter-output>
          </reporter-output>
        </test-method> <!-- Remove_EmployeesFromGoalPlan -->
        <test-method is-config="true" signature="runOnFailure(org.testng.ITestResult)[pri:0, instance:Test_Suit.SmokeTestSuite@64412d34]" started-at="2024-09-16T05:47:24Z" name="runOnFailure" finished-at="2024-09-16T05:47:24Z" duration-ms="0" status="PASS">
          <params>
            <param index="0">
              <value>
                <![CDATA[[TestResult name=Remove_EmployeesFromGoalPlan status=SUCCESS method=SmokeTestSuite.Remove_EmployeesFromGoalPlan()[pri:11, instance:Test_Suit.SmokeTestSuite@64412d34] output={null}]]]>
              </value>
            </param>
          </params>
          <reporter-output>
          </reporter-output>
        </test-method> <!-- runOnFailure -->
        <test-method signature="DeletionOf_PMSCycleAndGoalPlan()[pri:12, instance:Test_Suit.SmokeTestSuite@64412d34]" started-at="2024-09-16T05:47:24Z" name="DeletionOf_PMSCycleAndGoalPlan" finished-at="2024-09-16T05:47:50Z" duration-ms="25365" status="PASS">
          <reporter-output>
          </reporter-output>
        </test-method> <!-- DeletionOf_PMSCycleAndGoalPlan -->
        <test-method is-config="true" signature="runOnFailure(org.testng.ITestResult)[pri:0, instance:Test_Suit.SmokeTestSuite@64412d34]" started-at="2024-09-16T05:47:50Z" name="runOnFailure" finished-at="2024-09-16T05:47:50Z" duration-ms="1" status="PASS">
          <params>
            <param index="0">
              <value>
                <![CDATA[[TestResult name=DeletionOf_PMSCycleAndGoalPlan status=SUCCESS method=SmokeTestSuite.DeletionOf_PMSCycleAndGoalPlan()[pri:12, instance:Test_Suit.SmokeTestSuite@64412d34] output={null}]]]>
              </value>
            </param>
          </params>
          <reporter-output>
          </reporter-output>
        </test-method> <!-- runOnFailure -->
        <test-method is-config="true" signature="teardown()[pri:0, instance:Test_Suit.SmokeTestSuite@64412d34]" started-at="2024-09-16T05:47:50Z" name="teardown" finished-at="2024-09-16T05:47:50Z" duration-ms="590" status="PASS">
          <reporter-output>
          </reporter-output>
        </test-method> <!-- teardown -->
      </class> <!-- Test_Suit.SmokeTestSuite -->
    </test> <!-- Default test -->
  </suite> <!-- Default suite -->
</testng-results>
