<?xml version="1.0" encoding="UTF-8"?>
<testng-results ignored="0" total="3" passed="3" failed="0" skipped="0">
  <reporter-output>
  </reporter-output>
  <suite started-at="2024-06-25T06:22:34Z" name="Default suite" finished-at="2024-06-25T06:24:17Z" duration-ms="103355">
    <groups>
    </groups>
    <test started-at="2024-06-25T06:22:34Z" name="Default test" finished-at="2024-06-25T06:24:17Z" duration-ms="103355">
      <class name="normalFlowTest.EmpNormalFlowTest">
        <test-method is-config="true" signature="AddGoalPlan()[pri:0, instance:normalFlowTest.EmpNormalFlowTest@41005828]" started-at="2024-06-25T06:22:34Z" name="AddGoalPlan" finished-at="2024-06-25T06:22:48Z" duration-ms="14474" status="PASS">
          <reporter-output>
          </reporter-output>
        </test-method> <!-- AddGoalPlan -->
        <test-method signature="AddGoalPaln()[pri:1, instance:normalFlowTest.EmpNormalFlowTest@41005828]" started-at="2024-06-25T06:22:48Z" name="AddGoalPaln" finished-at="2024-06-25T06:23:30Z" duration-ms="41142" status="PASS">
          <reporter-output>
          </reporter-output>
        </test-method> <!-- AddGoalPaln -->
        <test-method signature="AddPMSCycle()[pri:2, instance:normalFlowTest.EmpNormalFlowTest@41005828]" started-at="2024-06-25T06:23:30Z" name="AddPMSCycle" finished-at="2024-06-25T06:23:47Z" duration-ms="17917" status="PASS">
          <reporter-output>
          </reporter-output>
        </test-method> <!-- AddPMSCycle -->
        <test-method signature="InitiatePMSCycle()[pri:3, instance:normalFlowTest.EmpNormalFlowTest@41005828]" started-at="2024-06-25T06:23:47Z" name="InitiatePMSCycle" finished-at="2024-06-25T06:24:17Z" duration-ms="29236" status="PASS">
          <reporter-output>
          </reporter-output>
        </test-method> <!-- InitiatePMSCycle -->
        <test-method is-config="true" signature="tearDown()[pri:0, instance:normalFlowTest.EmpNormalFlowTest@41005828]" started-at="2024-06-25T06:24:17Z" name="tearDown" finished-at="2024-06-25T06:24:17Z" duration-ms="565" status="PASS">
          <reporter-output>
          </reporter-output>
        </test-method> <!-- tearDown -->
      </class> <!-- normalFlowTest.EmpNormalFlowTest -->
    </test> <!-- Default test -->
  </suite> <!-- Default suite -->
</testng-results>
