<?xml version="1.0" encoding="UTF-8"?>
<testng-results ignored="0" total="1" passed="1" failed="0" skipped="0">
  <reporter-output>
  </reporter-output>
  <suite started-at="2024-07-11T12:05:09Z" name="Default suite" finished-at="2024-07-11T12:05:46Z" duration-ms="36950">
    <groups>
    </groups>
    <test started-at="2024-07-11T12:05:09Z" name="Default test" finished-at="2024-07-11T12:05:46Z" duration-ms="36950">
      <class name="_360DFeedback.Resons_totheForm_Test">
        <test-method is-config="true" signature="setUp()[pri:0, instance:_360DFeedback.Resons_totheForm_Test@7d446ed1]" started-at="2024-07-11T12:05:09Z" name="setUp" finished-at="2024-07-11T12:05:20Z" duration-ms="11762" status="PASS">
          <reporter-output>
          </reporter-output>
        </test-method> <!-- setUp -->
        <test-method signature="send360form()[pri:0, instance:_360DFeedback.Resons_totheForm_Test@7d446ed1]" started-at="2024-07-11T12:05:20Z" name="send360form" finished-at="2024-07-11T12:05:45Z" duration-ms="24540" status="PASS">
          <reporter-output>
          </reporter-output>
        </test-method> <!-- send360form -->
        <test-method is-config="true" signature="teardown()[pri:0, instance:_360DFeedback.Resons_totheForm_Test@7d446ed1]" started-at="2024-07-11T12:05:45Z" name="teardown" finished-at="2024-07-11T12:05:46Z" duration-ms="626" status="PASS">
          <reporter-output>
          </reporter-output>
        </test-method> <!-- teardown -->
      </class> <!-- _360DFeedback.Resons_totheForm_Test -->
    </test> <!-- Default test -->
  </suite> <!-- Default suite -->
</testng-results>
