<?xml version="1.0" encoding="UTF-8"?>
<testng-results ignored="0" total="3" passed="3" failed="0" skipped="0">
  <reporter-output>
  </reporter-output>
  <suite started-at="2024-06-04T12:17:29Z" name="Default suite" finished-at="2024-06-04T12:17:46Z" duration-ms="16272">
    <groups>
    </groups>
    <test started-at="2024-06-04T12:17:29Z" name="Default test" finished-at="2024-06-04T12:17:46Z" duration-ms="16272">
      <class name="Mytestpackage.Homepagetest">
        <test-method is-config="true" signature="setup()[pri:0, instance:Mytestpackage.Homepagetest@60b4beb4]" started-at="2024-06-04T12:17:29Z" name="setup" finished-at="2024-06-04T12:17:45Z" duration-ms="15146" status="PASS">
          <reporter-output>
          </reporter-output>
        </test-method> <!-- setup -->
        <test-method signature="EmpstatusTest()[pri:0, instance:Mytestpackage.Homepagetest@60b4beb4]" started-at="2024-06-04T12:17:45Z" name="EmpstatusTest" finished-at="2024-06-04T12:17:45Z" duration-ms="130" status="PASS">
          <reporter-output>
          </reporter-output>
        </test-method> <!-- EmpstatusTest -->
        <test-method signature="contactFooterTest()[pri:0, instance:Mytestpackage.Homepagetest@60b4beb4]" started-at="2024-06-04T12:17:45Z" name="contactFooterTest" finished-at="2024-06-04T12:17:45Z" duration-ms="111" status="PASS">
          <reporter-output>
          </reporter-output>
        </test-method> <!-- contactFooterTest -->
        <test-method signature="headerTest()[pri:0, instance:Mytestpackage.Homepagetest@60b4beb4]" started-at="2024-06-04T12:17:45Z" name="headerTest" finished-at="2024-06-04T12:17:45Z" duration-ms="80" status="PASS">
          <reporter-output>
          </reporter-output>
        </test-method> <!-- headerTest -->
        <test-method is-config="true" signature="tearDown()[pri:0, instance:Mytestpackage.Homepagetest@60b4beb4]" started-at="2024-06-04T12:17:45Z" name="tearDown" finished-at="2024-06-04T12:17:46Z" duration-ms="777" status="PASS">
          <reporter-output>
          </reporter-output>
        </test-method> <!-- tearDown -->
      </class> <!-- Mytestpackage.Homepagetest -->
    </test> <!-- Default test -->
  </suite> <!-- Default suite -->
</testng-results>
