<?xml version="1.0" encoding="UTF-8"?>
<testng-results ignored="0" total="12" passed="12" failed="0" skipped="0">
  <reporter-output>
  </reporter-output>
  <suite started-at="2025-08-18T12:07:43Z" name="Suite" finished-at="2025-08-18T12:17:24Z" duration-ms="580299">
    <groups>
    </groups>
    <test started-at="2025-08-18T12:07:43Z" name="Smoke testing" finished-at="2025-08-18T12:17:24Z" duration-ms="580299">
      <class name="Test_Suit.SmokeTestSuite">
        <test-method is-config="true" signature="setUp()[pri:0, instance:Test_Suit.SmokeTestSuite@10e41621]" started-at="2025-08-18T12:07:43Z" name="setUp" finished-at="2025-08-18T12:08:07Z" duration-ms="23888" status="PASS">
          <reporter-output>
          </reporter-output>
        </test-method> <!-- setUp -->
        <test-method signature="AddGoalPlan()[pri:1, instance:Test_Suit.SmokeTestSuite@10e41621]" started-at="2025-08-18T12:08:07Z" name="AddGoalPlan" finished-at="2025-08-18T12:09:00Z" duration-ms="52630" status="PASS">
          <reporter-output>
          </reporter-output>
        </test-method> <!-- AddGoalPlan -->
        <test-method is-config="true" signature="runOnFailure(org.testng.ITestResult)[pri:0, instance:Test_Suit.SmokeTestSuite@10e41621]" started-at="2025-08-18T12:09:00Z" name="runOnFailure" finished-at="2025-08-18T12:09:00Z" duration-ms="2" status="PASS">
          <params>
            <param index="0">
              <value>
                <![CDATA[[TestResult name=AddGoalPlan status=SUCCESS method=SmokeTestSuite.AddGoalPlan()[pri:1, instance:Test_Suit.SmokeTestSuite@10e41621] output={null}]]]>
              </value>
            </param>
          </params>
          <reporter-output>
          </reporter-output>
        </test-method> <!-- runOnFailure -->
        <test-method signature="AddPMSCycle()[pri:2, instance:Test_Suit.SmokeTestSuite@10e41621]" started-at="2025-08-18T12:09:00Z" name="AddPMSCycle" finished-at="2025-08-18T12:09:23Z" depends-on-methods="Test_Suit.SmokeTestSuite.AddGoalPlan" duration-ms="23016" status="PASS">
          <reporter-output>
          </reporter-output>
        </test-method> <!-- AddPMSCycle -->
        <test-method is-config="true" signature="runOnFailure(org.testng.ITestResult)[pri:0, instance:Test_Suit.SmokeTestSuite@10e41621]" started-at="2025-08-18T12:09:23Z" name="runOnFailure" finished-at="2025-08-18T12:09:23Z" duration-ms="2" status="PASS">
          <params>
            <param index="0">
              <value>
                <![CDATA[[TestResult name=AddPMSCycle status=SUCCESS method=SmokeTestSuite.AddPMSCycle()[pri:2, instance:Test_Suit.SmokeTestSuite@10e41621] output={null}]]]>
              </value>
            </param>
          </params>
          <reporter-output>
          </reporter-output>
        </test-method> <!-- runOnFailure -->
        <test-method signature="Initiate_PMSCycle()[pri:3, instance:Test_Suit.SmokeTestSuite@10e41621]" started-at="2025-08-18T12:09:23Z" name="Initiate_PMSCycle" finished-at="2025-08-18T12:09:32Z" depends-on-methods="Test_Suit.SmokeTestSuite.AddPMSCycle" duration-ms="9179" status="PASS">
          <reporter-output>
          </reporter-output>
        </test-method> <!-- Initiate_PMSCycle -->
        <test-method is-config="true" signature="runOnFailure(org.testng.ITestResult)[pri:0, instance:Test_Suit.SmokeTestSuite@10e41621]" started-at="2025-08-18T12:09:32Z" name="runOnFailure" finished-at="2025-08-18T12:09:32Z" duration-ms="1" status="PASS">
          <params>
            <param index="0">
              <value>
                <![CDATA[[TestResult name=Initiate_PMSCycle status=SUCCESS method=SmokeTestSuite.Initiate_PMSCycle()[pri:3, instance:Test_Suit.SmokeTestSuite@10e41621] output={null}]]]>
              </value>
            </param>
          </params>
          <reporter-output>
          </reporter-output>
        </test-method> <!-- runOnFailure -->
        <test-method signature="Manager_AddGoalTo_Emp()[pri:4, instance:Test_Suit.SmokeTestSuite@10e41621]" started-at="2025-08-18T12:09:32Z" name="Manager_AddGoalTo_Emp" finished-at="2025-08-18T12:11:01Z" depends-on-methods="Test_Suit.SmokeTestSuite.Initiate_PMSCycle" duration-ms="88444" status="PASS">
          <reporter-output>
          </reporter-output>
        </test-method> <!-- Manager_AddGoalTo_Emp -->
        <test-method is-config="true" signature="runOnFailure(org.testng.ITestResult)[pri:0, instance:Test_Suit.SmokeTestSuite@10e41621]" started-at="2025-08-18T12:11:01Z" name="runOnFailure" finished-at="2025-08-18T12:11:01Z" duration-ms="1" status="PASS">
          <params>
            <param index="0">
              <value>
                <![CDATA[[TestResult name=Manager_AddGoalTo_Emp status=SUCCESS method=SmokeTestSuite.Manager_AddGoalTo_Emp()[pri:4, instance:Test_Suit.SmokeTestSuite@10e41621] output={null}]]]>
              </value>
            </param>
          </params>
          <reporter-output>
          </reporter-output>
        </test-method> <!-- runOnFailure -->
        <test-method signature="Employee_AssessmentSubmission()[pri:5, instance:Test_Suit.SmokeTestSuite@10e41621]" started-at="2025-08-18T12:11:01Z" name="Employee_AssessmentSubmission" finished-at="2025-08-18T12:11:37Z" depends-on-methods="Test_Suit.SmokeTestSuite.Manager_AddGoalTo_Emp" duration-ms="36451" status="PASS">
          <reporter-output>
          </reporter-output>
        </test-method> <!-- Employee_AssessmentSubmission -->
        <test-method is-config="true" signature="runOnFailure(org.testng.ITestResult)[pri:0, instance:Test_Suit.SmokeTestSuite@10e41621]" started-at="2025-08-18T12:11:37Z" name="runOnFailure" finished-at="2025-08-18T12:11:37Z" duration-ms="0" status="PASS">
          <params>
            <param index="0">
              <value>
                <![CDATA[[TestResult name=Employee_AssessmentSubmission status=SUCCESS method=SmokeTestSuite.Employee_AssessmentSubmission()[pri:5, instance:Test_Suit.SmokeTestSuite@10e41621] output={null}]]]>
              </value>
            </param>
          </params>
          <reporter-output>
          </reporter-output>
        </test-method> <!-- runOnFailure -->
        <test-method signature="Manager_AssessmentSubmissionTo_Skip()[pri:6, instance:Test_Suit.SmokeTestSuite@10e41621]" started-at="2025-08-18T12:11:37Z" name="Manager_AssessmentSubmissionTo_Skip" finished-at="2025-08-18T12:12:19Z" depends-on-methods="Test_Suit.SmokeTestSuite.Employee_AssessmentSubmission" duration-ms="41817" status="PASS">
          <reporter-output>
          </reporter-output>
        </test-method> <!-- Manager_AssessmentSubmissionTo_Skip -->
        <test-method is-config="true" signature="runOnFailure(org.testng.ITestResult)[pri:0, instance:Test_Suit.SmokeTestSuite@10e41621]" started-at="2025-08-18T12:12:19Z" name="runOnFailure" finished-at="2025-08-18T12:12:19Z" duration-ms="1" status="PASS">
          <params>
            <param index="0">
              <value>
                <![CDATA[[TestResult name=Manager_AssessmentSubmissionTo_Skip status=SUCCESS method=SmokeTestSuite.Manager_AssessmentSubmissionTo_Skip()[pri:6, instance:Test_Suit.SmokeTestSuite@10e41621] output={null}]]]>
              </value>
            </param>
          </params>
          <reporter-output>
          </reporter-output>
        </test-method> <!-- runOnFailure -->
        <test-method signature="Skip_Approval()[pri:7, instance:Test_Suit.SmokeTestSuite@10e41621]" started-at="2025-08-18T12:12:19Z" name="Skip_Approval" finished-at="2025-08-18T12:13:07Z" depends-on-methods="Test_Suit.SmokeTestSuite.Manager_AssessmentSubmissionTo_Skip" duration-ms="48408" status="PASS">
          <reporter-output>
          </reporter-output>
        </test-method> <!-- Skip_Approval -->
        <test-method is-config="true" signature="runOnFailure(org.testng.ITestResult)[pri:0, instance:Test_Suit.SmokeTestSuite@10e41621]" started-at="2025-08-18T12:13:07Z" name="runOnFailure" finished-at="2025-08-18T12:13:07Z" duration-ms="0" status="PASS">
          <params>
            <param index="0">
              <value>
                <![CDATA[[TestResult name=Skip_Approval status=SUCCESS method=SmokeTestSuite.Skip_Approval()[pri:7, instance:Test_Suit.SmokeTestSuite@10e41621] output={null}]]]>
              </value>
            </param>
          </params>
          <reporter-output>
          </reporter-output>
        </test-method> <!-- runOnFailure -->
        <test-method signature="OneToOneMeeting_Manager()[pri:8, instance:Test_Suit.SmokeTestSuite@10e41621]" started-at="2025-08-18T12:13:07Z" name="OneToOneMeeting_Manager" finished-at="2025-08-18T12:13:40Z" depends-on-methods="Test_Suit.SmokeTestSuite.Skip_Approval" duration-ms="32517" status="PASS">
          <reporter-output>
          </reporter-output>
        </test-method> <!-- OneToOneMeeting_Manager -->
        <test-method is-config="true" signature="runOnFailure(org.testng.ITestResult)[pri:0, instance:Test_Suit.SmokeTestSuite@10e41621]" started-at="2025-08-18T12:13:40Z" name="runOnFailure" finished-at="2025-08-18T12:13:40Z" duration-ms="3" status="PASS">
          <params>
            <param index="0">
              <value>
                <![CDATA[[TestResult name=OneToOneMeeting_Manager status=SUCCESS method=SmokeTestSuite.OneToOneMeeting_Manager()[pri:8, instance:Test_Suit.SmokeTestSuite@10e41621] output={null}]]]>
              </value>
            </param>
          </params>
          <reporter-output>
          </reporter-output>
        </test-method> <!-- runOnFailure -->
        <test-method signature="OnToOneMeeting_Employee()[pri:9, instance:Test_Suit.SmokeTestSuite@10e41621]" started-at="2025-08-18T12:13:40Z" name="OnToOneMeeting_Employee" finished-at="2025-08-18T12:14:09Z" depends-on-methods="Test_Suit.SmokeTestSuite.OneToOneMeeting_Manager" duration-ms="28836" status="PASS">
          <reporter-output>
          </reporter-output>
        </test-method> <!-- OnToOneMeeting_Employee -->
        <test-method is-config="true" signature="runOnFailure(org.testng.ITestResult)[pri:0, instance:Test_Suit.SmokeTestSuite@10e41621]" started-at="2025-08-18T12:14:09Z" name="runOnFailure" finished-at="2025-08-18T12:14:09Z" duration-ms="0" status="PASS">
          <params>
            <param index="0">
              <value>
                <![CDATA[[TestResult name=OnToOneMeeting_Employee status=SUCCESS method=SmokeTestSuite.OnToOneMeeting_Employee()[pri:9, instance:Test_Suit.SmokeTestSuite@10e41621] output={null}]]]>
              </value>
            </param>
          </params>
          <reporter-output>
          </reporter-output>
        </test-method> <!-- runOnFailure -->
        <test-method signature="Finalize_Emp_Appraisal()[pri:10, instance:Test_Suit.SmokeTestSuite@10e41621]" started-at="2025-08-18T12:14:09Z" name="Finalize_Emp_Appraisal" finished-at="2025-08-18T12:14:49Z" depends-on-methods="Test_Suit.SmokeTestSuite.OnToOneMeeting_Employee" duration-ms="40657" status="PASS">
          <reporter-output>
          </reporter-output>
        </test-method> <!-- Finalize_Emp_Appraisal -->
        <test-method is-config="true" signature="runOnFailure(org.testng.ITestResult)[pri:0, instance:Test_Suit.SmokeTestSuite@10e41621]" started-at="2025-08-18T12:14:49Z" name="runOnFailure" finished-at="2025-08-18T12:14:49Z" duration-ms="1" status="PASS">
          <params>
            <param index="0">
              <value>
                <![CDATA[[TestResult name=Finalize_Emp_Appraisal status=SUCCESS method=SmokeTestSuite.Finalize_Emp_Appraisal()[pri:10, instance:Test_Suit.SmokeTestSuite@10e41621] output={null}]]]>
              </value>
            </param>
          </params>
          <reporter-output>
          </reporter-output>
        </test-method> <!-- runOnFailure -->
        <test-method signature="Remove_EmployeesFromGoalPlan()[pri:11, instance:Test_Suit.SmokeTestSuite@10e41621]" started-at="2025-08-18T12:14:49Z" name="Remove_EmployeesFromGoalPlan" finished-at="2025-08-18T12:16:46Z" duration-ms="116846" status="PASS">
          <reporter-output>
          </reporter-output>
        </test-method> <!-- Remove_EmployeesFromGoalPlan -->
        <test-method is-config="true" signature="runOnFailure(org.testng.ITestResult)[pri:0, instance:Test_Suit.SmokeTestSuite@10e41621]" started-at="2025-08-18T12:16:46Z" name="runOnFailure" finished-at="2025-08-18T12:16:46Z" duration-ms="1" status="PASS">
          <params>
            <param index="0">
              <value>
                <![CDATA[[TestResult name=Remove_EmployeesFromGoalPlan status=SUCCESS method=SmokeTestSuite.Remove_EmployeesFromGoalPlan()[pri:11, instance:Test_Suit.SmokeTestSuite@10e41621] output={null}]]]>
              </value>
            </param>
          </params>
          <reporter-output>
          </reporter-output>
        </test-method> <!-- runOnFailure -->
        <test-method signature="DeletionOf_PMSCycleAndGoalPlan()[pri:12, instance:Test_Suit.SmokeTestSuite@10e41621]" started-at="2025-08-18T12:16:46Z" name="DeletionOf_PMSCycleAndGoalPlan" finished-at="2025-08-18T12:17:23Z" duration-ms="36492" status="PASS">
          <reporter-output>
          </reporter-output>
        </test-method> <!-- DeletionOf_PMSCycleAndGoalPlan -->
        <test-method is-config="true" signature="runOnFailure(org.testng.ITestResult)[pri:0, instance:Test_Suit.SmokeTestSuite@10e41621]" started-at="2025-08-18T12:17:23Z" name="runOnFailure" finished-at="2025-08-18T12:17:23Z" duration-ms="2" status="PASS">
          <params>
            <param index="0">
              <value>
                <![CDATA[[TestResult name=DeletionOf_PMSCycleAndGoalPlan status=SUCCESS method=SmokeTestSuite.DeletionOf_PMSCycleAndGoalPlan()[pri:12, instance:Test_Suit.SmokeTestSuite@10e41621] output={null}]]]>
              </value>
            </param>
          </params>
          <reporter-output>
          </reporter-output>
        </test-method> <!-- runOnFailure -->
        <test-method is-config="true" signature="teardown()[pri:0, instance:Test_Suit.SmokeTestSuite@10e41621]" started-at="2025-08-18T12:17:23Z" name="teardown" finished-at="2025-08-18T12:17:24Z" duration-ms="935" status="PASS">
          <reporter-output>
          </reporter-output>
        </test-method> <!-- teardown -->
      </class> <!-- Test_Suit.SmokeTestSuite -->
    </test> <!-- Smoke testing -->
  </suite> <!-- Suite -->
</testng-results>
