<?xml version="1.0" encoding="UTF-8"?>
<testng-results ignored="0" total="1" passed="1" failed="0" skipped="0">
  <reporter-output>
  </reporter-output>
  <suite started-at="2025-04-16T10:36:45Z" name="Default suite" finished-at="2025-04-16T10:37:11Z" duration-ms="25594">
    <groups>
    </groups>
    <test started-at="2025-04-16T10:36:45Z" name="Default test" finished-at="2025-04-16T10:37:11Z" duration-ms="25594">
      <class name="normalFlowTest.Delete_the_PMS_Cycle_test">
        <test-method is-config="true" signature="setUp()[pri:0, instance:normalFlowTest.Delete_the_PMS_Cycle_test@5fb759d6]" started-at="2025-04-16T10:36:45Z" name="setUp" finished-at="2025-04-16T10:36:59Z" duration-ms="14114" status="PASS">
          <reporter-output>
          </reporter-output>
        </test-method> <!-- setUp -->
        <test-method signature="DeletionOfEmp_FromCycle()[pri:0, instance:normalFlowTest.Delete_the_PMS_Cycle_test@5fb759d6]" started-at="2025-04-16T10:36:59Z" name="DeletionOfEmp_FromCycle" finished-at="2025-04-16T10:37:10Z" duration-ms="10829" status="PASS">
          <reporter-output>
          </reporter-output>
        </test-method> <!-- DeletionOfEmp_FromCycle -->
        <test-method is-config="true" signature="teardown()[pri:0, instance:normalFlowTest.Delete_the_PMS_Cycle_test@5fb759d6]" started-at="2025-04-16T10:37:10Z" name="teardown" finished-at="2025-04-16T10:37:11Z" duration-ms="601" status="PASS">
          <reporter-output>
          </reporter-output>
        </test-method> <!-- teardown -->
      </class> <!-- normalFlowTest.Delete_the_PMS_Cycle_test -->
    </test> <!-- Default test -->
  </suite> <!-- Default suite -->
</testng-results>
